<?xml version="1.0" encoding="UTF-8"?>
<coverage generated="1781768047989" clover="3.2.0">
  <project timestamp="1781768047989" name="All files">
    <metrics statements="656" coveredstatements="489" conditionals="161" coveredconditionals="145" methods="35" coveredmethods="29" elements="852" coveredelements="663" complexity="0" loc="656" ncloc="656" packages="7" files="17" classes="17"/>
    <package name="daily-quote">
      <metrics statements="17" coveredstatements="0" conditionals="2" coveredconditionals="1" methods="2" coveredmethods="1"/>
      <file name="postcss.config.js" path="C:\Users\MWA4SE\Documents\opensource\course\tools\daily-quote\postcss.config.js">
        <metrics statements="6" coveredstatements="0" conditionals="1" coveredconditionals="0" methods="1" coveredmethods="0"/>
        <line num="1" count="0" type="cond" truecount="0" falsecount="1"/>
        <line num="2" count="0" type="stmt"/>
        <line num="3" count="0" type="stmt"/>
        <line num="4" count="0" type="stmt"/>
        <line num="5" count="0" type="stmt"/>
        <line num="6" count="0" type="stmt"/>
      </file>
      <file name="tailwind.config.ts" path="C:\Users\MWA4SE\Documents\opensource\course\tools\daily-quote\tailwind.config.ts">
        <metrics statements="11" coveredstatements="0" conditionals="1" coveredconditionals="1" methods="1" coveredmethods="1"/>
        <line num="3" count="0" type="stmt"/>
        <line num="4" count="0" type="stmt"/>
        <line num="5" count="0" type="stmt"/>
        <line num="6" count="0" type="stmt"/>
        <line num="7" count="0" type="stmt"/>
        <line num="8" count="0" type="stmt"/>
        <line num="9" count="0" type="stmt"/>
        <line num="10" count="0" type="stmt"/>
        <line num="11" count="0" type="stmt"/>
        <line num="12" count="0" type="stmt"/>
        <line num="13" count="0" type="stmt"/>
      </file>
    </package>
    <package name="daily-quote.scripts">
      <metrics statements="73" coveredstatements="0" conditionals="1" coveredconditionals="0" methods="1" coveredmethods="0"/>
      <file name="parse-quotes.ts" path="C:\Users\MWA4SE\Documents\opensource\course\tools\daily-quote\scripts\parse-quotes.ts">
        <metrics statements="73" coveredstatements="0" conditionals="1" coveredconditionals="0" methods="1" coveredmethods="0"/>
        <line num="1" count="0" type="cond" truecount="0" falsecount="1"/>
        <line num="2" count="0" type="stmt"/>
        <line num="3" count="0" type="stmt"/>
        <line num="4" count="0" type="stmt"/>
        <line num="5" count="0" type="stmt"/>
        <line num="10" count="0" type="stmt"/>
        <line num="11" count="0" type="stmt"/>
        <line num="12" count="0" type="stmt"/>
        <line num="26" count="0" type="stmt"/>
        <line num="28" count="0" type="stmt"/>
        <line num="29" count="0" type="stmt"/>
        <line num="30" count="0" type="stmt"/>
        <line num="32" count="0" type="stmt"/>
        <line num="33" count="0" type="stmt"/>
        <line num="36" count="0" type="stmt"/>
        <line num="37" count="0" type="stmt"/>
        <line num="38" count="0" type="stmt"/>
        <line num="39" count="0" type="stmt"/>
        <line num="41" count="0" type="stmt"/>
        <line num="42" count="0" type="stmt"/>
        <line num="43" count="0" type="stmt"/>
        <line num="44" count="0" type="stmt"/>
        <line num="45" count="0" type="stmt"/>
        <line num="46" count="0" type="stmt"/>
        <line num="47" count="0" type="stmt"/>
        <line num="50" count="0" type="stmt"/>
        <line num="52" count="0" type="stmt"/>
        <line num="53" count="0" type="stmt"/>
        <line num="55" count="0" type="stmt"/>
        <line num="56" count="0" type="stmt"/>
        <line num="57" count="0" type="stmt"/>
        <line num="58" count="0" type="stmt"/>
        <line num="59" count="0" type="stmt"/>
        <line num="60" count="0" type="stmt"/>
        <line num="61" count="0" type="stmt"/>
        <line num="62" count="0" type="stmt"/>
        <line num="63" count="0" type="stmt"/>
        <line num="65" count="0" type="stmt"/>
        <line num="67" count="0" type="stmt"/>
        <line num="68" count="0" type="stmt"/>
        <line num="69" count="0" type="stmt"/>
        <line num="70" count="0" type="stmt"/>
        <line num="71" count="0" type="stmt"/>
        <line num="72" count="0" type="stmt"/>
        <line num="73" count="0" type="stmt"/>
        <line num="74" count="0" type="stmt"/>
        <line num="75" count="0" type="stmt"/>
        <line num="78" count="0" type="stmt"/>
        <line num="79" count="0" type="stmt"/>
        <line num="80" count="0" type="stmt"/>
        <line num="81" count="0" type="stmt"/>
        <line num="84" count="0" type="stmt"/>
        <line num="87" count="0" type="stmt"/>
        <line num="88" count="0" type="stmt"/>
        <line num="89" count="0" type="stmt"/>
        <line num="90" count="0" type="stmt"/>
        <line num="91" count="0" type="stmt"/>
        <line num="92" count="0" type="stmt"/>
        <line num="93" count="0" type="stmt"/>
        <line num="94" count="0" type="stmt"/>
        <line num="95" count="0" type="stmt"/>
        <line num="96" count="0" type="stmt"/>
        <line num="97" count="0" type="stmt"/>
        <line num="98" count="0" type="stmt"/>
        <line num="99" count="0" type="stmt"/>
        <line num="100" count="0" type="stmt"/>
        <line num="101" count="0" type="stmt"/>
        <line num="102" count="0" type="stmt"/>
        <line num="103" count="0" type="stmt"/>
        <line num="107" count="0" type="stmt"/>
        <line num="108" count="0" type="stmt"/>
        <line num="109" count="0" type="stmt"/>
        <line num="110" count="0" type="stmt"/>
      </file>
    </package>
    <package name="daily-quote.src">
      <metrics statements="16" coveredstatements="0" conditionals="2" coveredconditionals="0" methods="2" coveredmethods="0"/>
      <file name="App.tsx" path="C:\Users\MWA4SE\Documents\opensource\course\tools\daily-quote\src\App.tsx">
        <metrics statements="7" coveredstatements="0" conditionals="1" coveredconditionals="0" methods="1" coveredmethods="0"/>
        <line num="1" count="0" type="cond" truecount="0" falsecount="1"/>
        <line num="2" count="0" type="stmt"/>
        <line num="3" count="0" type="stmt"/>
        <line num="4" count="0" type="stmt"/>
        <line num="5" count="0" type="stmt"/>
        <line num="7" count="0" type="stmt"/>
        <line num="9" count="0" type="stmt"/>
      </file>
      <file name="main.tsx" path="C:\Users\MWA4SE\Documents\opensource\course\tools\daily-quote\src\main.tsx">
        <metrics statements="9" coveredstatements="0" conditionals="1" coveredconditionals="0" methods="1" coveredmethods="0"/>
        <line num="1" count="0" type="cond" truecount="0" falsecount="1"/>
        <line num="2" count="0" type="stmt"/>
        <line num="3" count="0" type="stmt"/>
        <line num="4" count="0" type="stmt"/>
        <line num="6" count="0" type="stmt"/>
        <line num="7" count="0" type="stmt"/>
        <line num="8" count="0" type="stmt"/>
        <line num="9" count="0" type="stmt"/>
        <line num="10" count="0" type="stmt"/>
      </file>
    </package>
    <package name="daily-quote.src.components">
      <metrics statements="231" coveredstatements="181" conditionals="38" coveredconditionals="37" methods="14" coveredmethods="12"/>
      <file name="CopyButton.tsx" path="C:\Users\MWA4SE\Documents\opensource\course\tools\daily-quote\src\components\CopyButton.tsx">
        <metrics statements="48" coveredstatements="0" conditionals="1" coveredconditionals="0" methods="1" coveredmethods="0"/>
        <line num="1" count="0" type="cond" truecount="0" falsecount="1"/>
        <line num="3" count="0" type="stmt"/>
        <line num="10" count="0" type="stmt"/>
        <line num="11" count="0" type="stmt"/>
        <line num="13" count="0" type="stmt"/>
        <line num="14" count="0" type="stmt"/>
        <line num="15" count="0" type="stmt"/>
        <line num="17" count="0" type="stmt"/>
        <line num="19" count="0" type="stmt"/>
        <line num="20" count="0" type="stmt"/>
        <line num="21" count="0" type="stmt"/>
        <line num="22" count="0" type="stmt"/>
        <line num="23" count="0" type="stmt"/>
        <line num="24" count="0" type="stmt"/>
        <line num="25" count="0" type="stmt"/>
        <line num="26" count="0" type="stmt"/>
        <line num="27" count="0" type="stmt"/>
        <line num="28" count="0" type="stmt"/>
        <line num="29" count="0" type="stmt"/>
        <line num="30" count="0" type="stmt"/>
        <line num="32" count="0" type="stmt"/>
        <line num="33" count="0" type="stmt"/>
        <line num="34" count="0" type="stmt"/>
        <line num="36" count="0" type="stmt"/>
        <line num="37" count="0" type="stmt"/>
        <line num="38" count="0" type="stmt"/>
        <line num="40" count="0" type="stmt"/>
        <line num="41" count="0" type="stmt"/>
        <line num="42" count="0" type="stmt"/>
        <line num="44" count="0" type="stmt"/>
        <line num="45" count="0" type="stmt"/>
        <line num="46" count="0" type="stmt"/>
        <line num="48" count="0" type="stmt"/>
        <line num="49" count="0" type="stmt"/>
        <line num="50" count="0" type="stmt"/>
        <line num="52" count="0" type="stmt"/>
        <line num="53" count="0" type="stmt"/>
        <line num="55" count="0" type="stmt"/>
        <line num="56" count="0" type="stmt"/>
        <line num="57" count="0" type="stmt"/>
        <line num="58" count="0" type="stmt"/>
        <line num="59" count="0" type="stmt"/>
        <line num="60" count="0" type="stmt"/>
        <line num="61" count="0" type="stmt"/>
        <line num="63" count="0" type="stmt"/>
        <line num="64" count="0" type="stmt"/>
        <line num="66" count="0" type="stmt"/>
        <line num="68" count="0" type="stmt"/>
      </file>
      <file name="EmptyState.tsx" path="C:\Users\MWA4SE\Documents\opensource\course\tools\daily-quote\src\components\EmptyState.tsx">
        <metrics statements="32" coveredstatements="32" conditionals="6" coveredconditionals="6" methods="1" coveredmethods="1"/>
        <line num="1" count="1" type="stmt"/>
        <line num="6" count="1" type="cond" truecount="1" falsecount="0"/>
        <line num="7" count="8" type="cond" truecount="1" falsecount="0"/>
        <line num="8" count="2" type="stmt"/>
        <line num="9" count="2" type="stmt"/>
        <line num="10" count="2" type="stmt"/>
        <line num="12" count="2" type="stmt"/>
        <line num="13" count="2" type="stmt"/>
        <line num="15" count="2" type="cond" truecount="1" falsecount="0"/>
        <line num="17" count="8" type="cond" truecount="1" falsecount="0"/>
        <line num="18" count="2" type="stmt"/>
        <line num="19" count="2" type="stmt"/>
        <line num="20" count="2" type="stmt"/>
        <line num="22" count="2" type="stmt"/>
        <line num="23" count="2" type="stmt"/>
        <line num="24" count="2" type="stmt"/>
        <line num="25" count="2" type="stmt"/>
        <line num="26" count="2" type="stmt"/>
        <line num="28" count="2" type="cond" truecount="1" falsecount="0"/>
        <line num="31" count="4" type="stmt"/>
        <line num="32" count="4" type="stmt"/>
        <line num="33" count="4" type="stmt"/>
        <line num="35" count="4" type="stmt"/>
        <line num="36" count="4" type="cond" truecount="1" falsecount="0"/>
        <line num="37" count="2" type="stmt"/>
        <line num="38" count="2" type="stmt"/>
        <line num="39" count="2" type="stmt"/>
        <line num="40" count="2" type="stmt"/>
        <line num="42" count="2" type="stmt"/>
        <line num="44" count="8" type="stmt"/>
        <line num="46" count="8" type="stmt"/>
        <line num="48" count="1" type="stmt"/>
      </file>
      <file name="ErrorBoundary.tsx" path="C:\Users\MWA4SE\Documents\opensource\course\tools\daily-quote\src\components\ErrorBoundary.tsx">
        <metrics statements="39" coveredstatements="37" conditionals="9" coveredconditionals="9" methods="6" coveredmethods="5"/>
        <line num="1" count="1" type="stmt"/>
        <line num="13" count="1" type="stmt"/>
        <line num="14" count="1" type="cond" truecount="1" falsecount="0"/>
        <line num="15" count="10" type="stmt"/>
        <line num="16" count="10" type="stmt"/>
        <line num="17" count="10" type="stmt"/>
        <line num="19" count="1" type="cond" truecount="1" falsecount="0"/>
        <line num="20" count="8" type="stmt"/>
        <line num="21" count="8" type="stmt"/>
        <line num="23" count="1" type="cond" truecount="1" falsecount="0"/>
        <line num="24" count="4" type="stmt"/>
        <line num="25" count="4" type="stmt"/>
        <line num="27" count="1" type="cond" truecount="1" falsecount="0"/>
        <line num="28" count="0" type="stmt"/>
        <line num="29" count="0" type="stmt"/>
        <line num="31" count="1" type="cond" truecount="1" falsecount="0"/>
        <line num="32" count="17" type="cond" truecount="1" falsecount="0"/>
        <line num="33" count="8" type="cond" truecount="1" falsecount="0"/>
        <line num="34" count="2" type="stmt"/>
        <line num="35" count="2" type="cond" truecount="1" falsecount="0"/>
        <line num="37" count="6" type="stmt"/>
        <line num="38" count="6" type="stmt"/>
        <line num="39" count="6" type="stmt"/>
        <line num="40" count="6" type="stmt"/>
        <line num="42" count="6" type="stmt"/>
        <line num="44" count="6" type="stmt"/>
        <line num="45" count="6" type="stmt"/>
        <line num="47" count="6" type="stmt"/>
        <line num="48" count="6" type="stmt"/>
        <line num="49" count="6" type="stmt"/>
        <line num="50" count="6" type="stmt"/>
        <line num="51" count="6" type="stmt"/>
        <line num="53" count="6" type="stmt"/>
        <line num="54" count="6" type="stmt"/>
        <line num="56" count="6" type="cond" truecount="1" falsecount="0"/>
        <line num="58" count="9" type="stmt"/>
        <line num="59" count="17" type="stmt"/>
        <line num="60" count="1" type="stmt"/>
        <line num="62" count="1" type="stmt"/>
      </file>
      <file name="FilterPanel.tsx" path="C:\Users\MWA4SE\Documents\opensource\course\tools\daily-quote\src\components\FilterPanel.tsx">
        <metrics statements="55" coveredstatements="55" conditionals="11" coveredconditionals="11" methods="4" coveredmethods="4"/>
        <line num="1" count="1" type="stmt"/>
        <line num="10" count="1" type="cond" truecount="1" falsecount="0"/>
        <line num="11" count="10" type="stmt"/>
        <line num="12" count="10" type="stmt"/>
        <line num="13" count="10" type="stmt"/>
        <line num="14" count="10" type="stmt"/>
        <line num="15" count="10" type="stmt"/>
        <line num="17" count="10" type="cond" truecount="1" falsecount="0"/>
        <line num="18" count="1" type="stmt"/>
        <line num="19" count="1" type="stmt"/>
        <line num="21" count="10" type="cond" truecount="1" falsecount="0"/>
        <line num="22" count="3" type="stmt"/>
        <line num="23" count="3" type="cond" truecount="1" falsecount="0"/>
        <line num="24" count="1" type="stmt"/>
        <line num="26" count="1" type="stmt"/>
        <line num="27" count="1" type="stmt"/>
        <line num="28" count="1" type="stmt"/>
        <line num="29" count="1" type="stmt"/>
        <line num="30" count="3" type="cond" truecount="1" falsecount="0"/>
        <line num="31" count="2" type="stmt"/>
        <line num="32" count="2" type="stmt"/>
        <line num="33" count="2" type="stmt"/>
        <line num="34" count="3" type="stmt"/>
        <line num="36" count="10" type="stmt"/>
        <line num="37" count="10" type="stmt"/>
        <line num="38" count="10" type="stmt"/>
        <line num="39" count="10" type="stmt"/>
        <line num="40" count="10" type="stmt"/>
        <line num="41" count="10" type="stmt"/>
        <line num="42" count="10" type="stmt"/>
        <line num="43" count="10" type="cond" truecount="1" falsecount="0"/>
        <line num="44" count="4" type="cond" truecount="1" falsecount="0"/>
        <line num="45" count="6" type="stmt"/>
        <line num="46" count="10" type="stmt"/>
        <line num="47" count="10" type="stmt"/>
        <line num="49" count="10" type="stmt"/>
        <line num="50" count="10" type="cond" truecount="1" falsecount="0"/>
        <line num="51" count="30" type="stmt"/>
        <line num="52" count="30" type="stmt"/>
        <line num="53" count="30" type="stmt"/>
        <line num="54" count="30" type="stmt"/>
        <line num="55" count="30" type="stmt"/>
        <line num="56" count="30" type="cond" truecount="1" falsecount="0"/>
        <line num="57" count="30" type="stmt"/>
        <line num="58" count="30" type="stmt"/>
        <line num="59" count="30" type="cond" truecount="1" falsecount="0"/>
        <line num="60" count="6" type="cond" truecount="1" falsecount="0"/>
        <line num="61" count="24" type="stmt"/>
        <line num="62" count="30" type="stmt"/>
        <line num="64" count="30" type="stmt"/>
        <line num="65" count="30" type="stmt"/>
        <line num="66" count="30" type="stmt"/>
        <line num="68" count="10" type="stmt"/>
        <line num="69" count="10" type="stmt"/>
        <line num="71" count="10" type="stmt"/>
      </file>
      <file name="QuoteDisplay.tsx" path="C:\Users\MWA4SE\Documents\opensource\course\tools\daily-quote\src\components\QuoteDisplay.tsx">
        <metrics statements="38" coveredstatements="38" conditionals="7" coveredconditionals="7" methods="1" coveredmethods="1"/>
        <line num="1" count="1" type="stmt"/>
        <line num="9" count="1" type="cond" truecount="1" falsecount="0"/>
        <line num="10" count="9" type="cond" truecount="1" falsecount="0"/>
        <line num="11" count="1" type="stmt"/>
        <line num="12" count="1" type="cond" truecount="1" falsecount="0"/>
        <line num="14" count="8" type="stmt"/>
        <line num="15" count="8" type="stmt"/>
        <line num="16" count="8" type="stmt"/>
        <line num="17" count="9" type="cond" truecount="2" falsecount="0"/>
        <line num="18" count="9" type="stmt"/>
        <line num="19" count="9" type="stmt"/>
        <line num="22" count="9" type="stmt"/>
        <line num="23" count="9" type="stmt"/>
        <line num="24" count="9" type="stmt"/>
        <line num="25" count="9" type="stmt"/>
        <line num="27" count="9" type="stmt"/>
        <line num="30" count="9" type="stmt"/>
        <line num="31" count="9" type="stmt"/>
        <line num="32" count="9" type="stmt"/>
        <line num="35" count="9" type="stmt"/>
        <line num="36" count="9" type="stmt"/>
        <line num="37" count="9" type="stmt"/>
        <line num="38" count="9" type="stmt"/>
        <line num="40" count="9" type="stmt"/>
        <line num="43" count="9" type="stmt"/>
        <line num="44" count="9" type="stmt"/>
        <line num="45" count="9" type="stmt"/>
        <line num="48" count="9" type="cond" truecount="1" falsecount="0"/>
        <line num="49" count="6" type="stmt"/>
        <line num="50" count="6" type="stmt"/>
        <line num="51" count="6" type="stmt"/>
        <line num="55" count="9" type="cond" truecount="1" falsecount="0"/>
        <line num="56" count="6" type="stmt"/>
        <line num="57" count="6" type="stmt"/>
        <line num="58" count="6" type="stmt"/>
        <line num="60" count="9" type="stmt"/>
        <line num="62" count="9" type="stmt"/>
        <line num="64" count="1" type="stmt"/>
      </file>
      <file name="RefreshButton.tsx" path="C:\Users\MWA4SE\Documents\opensource\course\tools\daily-quote\src\components\RefreshButton.tsx">
        <metrics statements="19" coveredstatements="19" conditionals="4" coveredconditionals="4" methods="1" coveredmethods="1"/>
        <line num="1" count="1" type="stmt"/>
        <line num="6" count="1" type="cond" truecount="1" falsecount="0"/>
        <line num="7" count="7" type="stmt"/>
        <line num="8" count="7" type="stmt"/>
        <line num="9" count="7" type="stmt"/>
        <line num="10" count="7" type="stmt"/>
        <line num="11" count="7" type="stmt"/>
        <line num="12" count="7" type="stmt"/>
        <line num="13" count="7" type="cond" truecount="1" falsecount="0"/>
        <line num="14" count="3" type="cond" truecount="1" falsecount="0"/>
        <line num="15" count="4" type="stmt"/>
        <line num="16" count="7" type="stmt"/>
        <line num="17" count="7" type="stmt"/>
        <line num="19" count="7" type="stmt"/>
        <line num="20" count="7" type="cond" truecount="1" falsecount="0"/>
        <line num="21" count="3" type="stmt"/>
        <line num="23" count="7" type="stmt"/>
        <line num="25" count="7" type="stmt"/>
        <line num="27" count="1" type="stmt"/>
      </file>
    </package>
    <package name="daily-quote.src.hooks">
      <metrics statements="129" coveredstatements="128" conditionals="44" coveredconditionals="43" methods="3" coveredmethods="3"/>
      <file name="useCopyToClipboard.ts" path="C:\Users\MWA4SE\Documents\opensource\course\tools\daily-quote\src\hooks\useCopyToClipboard.ts">
        <metrics statements="44" coveredstatements="44" conditionals="15" coveredconditionals="15" methods="1" coveredmethods="1"/>
        <line num="1" count="1" type="stmt"/>
        <line num="19" count="1" type="cond" truecount="1" falsecount="0"/>
        <line num="20" count="16" type="stmt"/>
        <line num="21" count="16" type="stmt"/>
        <line num="22" count="16" type="stmt"/>
        <line num="25" count="16" type="cond" truecount="1" falsecount="0"/>
        <line num="26" count="6" type="cond" truecount="1" falsecount="0"/>
        <line num="27" count="2" type="stmt"/>
        <line num="28" count="2" type="stmt"/>
        <line num="29" count="2" type="stmt"/>
        <line num="30" count="16" type="stmt"/>
        <line num="33" count="16" type="cond" truecount="1" falsecount="0"/>
        <line num="34" count="6" type="cond" truecount="1" falsecount="0"/>
        <line num="35" count="6" type="cond" truecount="1" falsecount="0"/>
        <line num="36" count="1" type="stmt"/>
        <line num="37" count="1" type="stmt"/>
        <line num="38" count="6" type="stmt"/>
        <line num="39" count="16" type="stmt"/>
        <line num="41" count="16" type="cond" truecount="1" falsecount="0"/>
        <line num="42" count="6" type="cond" truecount="1" falsecount="0"/>
        <line num="43" count="1" type="stmt"/>
        <line num="44" count="1" type="cond" truecount="1" falsecount="0"/>
        <line num="47" count="6" type="cond" truecount="1" falsecount="0"/>
        <line num="48" count="1" type="stmt"/>
        <line num="49" count="1" type="stmt"/>
        <line num="50" count="1" type="cond" truecount="1" falsecount="0"/>
        <line num="52" count="5" type="stmt"/>
        <line num="53" count="5" type="stmt"/>
        <line num="54" count="5" type="cond" truecount="1" falsecount="0"/>
        <line num="55" count="3" type="stmt"/>
        <line num="58" count="3" type="cond" truecount="1" falsecount="0"/>
        <line num="59" count="2" type="stmt"/>
        <line num="60" count="2" type="stmt"/>
        <line num="61" count="3" type="stmt"/>
        <line num="62" count="6" type="cond" truecount="1" falsecount="0"/>
        <line num="63" count="2" type="stmt"/>
        <line num="66" count="2" type="cond" truecount="1" falsecount="0"/>
        <line num="67" count="1" type="stmt"/>
        <line num="68" count="1" type="stmt"/>
        <line num="69" count="2" type="stmt"/>
        <line num="70" count="2" type="stmt"/>
        <line num="71" count="16" type="stmt"/>
        <line num="73" count="16" type="stmt"/>
        <line num="74" count="16" type="stmt"/>
      </file>
      <file name="useQuotes.ts" path="C:\Users\MWA4SE\Documents\opensource\course\tools\daily-quote\src\hooks\useQuotes.ts">
        <metrics statements="30" coveredstatements="30" conditionals="10" coveredconditionals="10" methods="1" coveredmethods="1"/>
        <line num="1" count="1" type="stmt"/>
        <line num="5" count="1" type="stmt"/>
        <line num="16" count="1" type="cond" truecount="1" falsecount="0"/>
        <line num="17" count="19" type="stmt"/>
        <line num="18" count="19" type="stmt"/>
        <line num="20" count="19" type="cond" truecount="1" falsecount="0"/>
        <line num="21" count="7" type="stmt"/>
        <line num="22" count="19" type="stmt"/>
        <line num="24" count="19" type="cond" truecount="1" falsecount="0"/>
        <line num="25" count="12" type="cond" truecount="1" falsecount="0"/>
        <line num="26" count="8" type="stmt"/>
        <line num="27" count="8" type="cond" truecount="1" falsecount="0"/>
        <line num="28" count="4" type="cond" truecount="1" falsecount="0"/>
        <line num="29" count="19" type="stmt"/>
        <line num="31" count="19" type="cond" truecount="1" falsecount="0"/>
        <line num="32" count="7" type="stmt"/>
        <line num="33" count="7" type="cond" truecount="1" falsecount="0"/>
        <line num="34" count="28" type="cond" truecount="1" falsecount="0"/>
        <line num="35" count="28" type="stmt"/>
        <line num="36" count="7" type="cond" truecount="1" falsecount="0"/>
        <line num="37" count="19" type="stmt"/>
        <line num="39" count="19" type="stmt"/>
        <line num="40" count="19" type="stmt"/>
        <line num="41" count="19" type="stmt"/>
        <line num="42" count="19" type="stmt"/>
        <line num="43" count="19" type="stmt"/>
        <line num="44" count="19" type="stmt"/>
        <line num="45" count="19" type="stmt"/>
        <line num="46" count="19" type="stmt"/>
        <line num="47" count="19" type="stmt"/>
      </file>
      <file name="useRandomQuote.ts" path="C:\Users\MWA4SE\Documents\opensource\course\tools\daily-quote\src\hooks\useRandomQuote.ts">
        <metrics statements="55" coveredstatements="54" conditionals="19" coveredconditionals="18" methods="1" coveredmethods="1"/>
        <line num="1" count="1" type="stmt"/>
        <line num="15" count="1" type="cond" truecount="1" falsecount="0"/>
        <line num="16" count="524" type="stmt"/>
        <line num="17" count="524" type="stmt"/>
        <line num="18" count="524" type="stmt"/>
        <line num="20" count="524" type="stmt"/>
        <line num="25" count="524" type="cond" truecount="1" falsecount="0"/>
        <line num="26" count="312" type="cond" truecount="2" falsecount="0"/>
        <line num="27" count="310" type="stmt"/>
        <line num="28" count="310" type="stmt"/>
        <line num="29" count="524" type="stmt"/>
        <line num="34" count="524" type="cond" truecount="1" falsecount="0"/>
        <line num="36" count="310" type="cond" truecount="1" falsecount="0"/>
        <line num="37" count="102" type="stmt"/>
        <line num="38" count="102" type="stmt"/>
        <line num="39" count="310" type="stmt"/>
        <line num="40" count="310" type="cond" truecount="1" falsecount="0"/>
        <line num="41" count="3" type="stmt"/>
        <line num="42" count="3" type="stmt"/>
        <line num="43" count="310" type="stmt"/>
        <line num="44" count="524" type="stmt"/>
        <line num="49" count="524" type="cond" truecount="1" falsecount="0"/>
        <line num="50" count="210" type="stmt"/>
        <line num="51" count="210" type="stmt"/>
        <line num="52" count="210" type="cond" truecount="1" falsecount="0"/>
        <line num="53" count="208" type="stmt"/>
        <line num="54" count="210" type="cond" truecount="1" falsecount="0"/>
        <line num="55" count="2" type="stmt"/>
        <line num="56" count="2" type="stmt"/>
        <line num="57" count="524" type="stmt"/>
        <line num="62" count="524" type="cond" truecount="1" falsecount="0"/>
        <line num="63" count="103" type="cond" truecount="2" falsecount="0"/>
        <line num="64" count="102" type="stmt"/>
        <line num="65" count="102" type="cond" truecount="1" falsecount="1"/>
        <line num="66" count="0" type="stmt"/>
        <line num="67" count="103" type="stmt"/>
        <line num="68" count="103" type="cond" truecount="1" falsecount="0"/>
        <line num="69" count="102" type="stmt"/>
        <line num="70" count="102" type="stmt"/>
        <line num="71" count="102" type="stmt"/>
        <line num="72" count="524" type="stmt"/>
        <line num="75" count="524" type="cond" truecount="1" falsecount="0"/>
        <line num="76" count="208" type="cond" truecount="1" falsecount="0"/>
        <line num="77" count="208" type="cond" truecount="1" falsecount="0"/>
        <line num="78" count="205" type="stmt"/>
        <line num="79" count="205" type="stmt"/>
        <line num="80" count="208" type="stmt"/>
        <line num="81" count="524" type="stmt"/>
        <line num="83" count="524" type="stmt"/>
        <line num="84" count="524" type="stmt"/>
        <line num="85" count="524" type="stmt"/>
        <line num="86" count="524" type="stmt"/>
        <line num="87" count="524" type="stmt"/>
        <line num="88" count="524" type="stmt"/>
        <line num="89" count="524" type="stmt"/>
      </file>
    </package>
    <package name="daily-quote.src.lib">
      <metrics statements="190" coveredstatements="180" conditionals="73" coveredconditionals="63" methods="12" coveredmethods="12"/>
      <file name="format-quote.ts" path="C:\Users\MWA4SE\Documents\opensource\course\tools\daily-quote\src\lib\format-quote.ts">
        <metrics statements="3" coveredstatements="3" conditionals="1" coveredconditionals="1" methods="1" coveredmethods="1"/>
        <line num="8" count="1" type="cond" truecount="1" falsecount="0"/>
        <line num="9" count="111" type="stmt"/>
        <line num="10" count="111" type="stmt"/>
      </file>
      <file name="quote-parser.ts" path="C:\Users\MWA4SE\Documents\opensource\course\tools\daily-quote\src\lib\quote-parser.ts">
        <metrics statements="187" coveredstatements="177" conditionals="72" coveredconditionals="62" methods="11" coveredmethods="11"/>
        <line num="1" count="1" type="stmt"/>
        <line num="7" count="1" type="stmt"/>
        <line num="10" count="1" type="stmt"/>
        <line num="13" count="1" type="stmt"/>
        <line num="16" count="1" type="stmt"/>
        <line num="25" count="1" type="cond" truecount="1" falsecount="0"/>
        <line num="26" count="321" type="stmt"/>
        <line num="27" count="321" type="cond" truecount="1" falsecount="0"/>
        <line num="28" count="2" type="stmt"/>
        <line num="29" count="2" type="stmt"/>
        <line num="30" count="2" type="cond" truecount="1" falsecount="0"/>
        <line num="32" count="319" type="stmt"/>
        <line num="33" count="319" type="stmt"/>
        <line num="35" count="321" type="cond" truecount="1" falsecount="0"/>
        <line num="36" count="221" type="cond" truecount="1" falsecount="0"/>
        <line num="37" count="658" type="stmt"/>
        <line num="38" count="658" type="cond" truecount="1" falsecount="0"/>
        <line num="39" count="457" type="stmt"/>
        <line num="40" count="457" type="stmt"/>
        <line num="41" count="658" type="stmt"/>
        <line num="42" count="221" type="cond" truecount="1" falsecount="0"/>
        <line num="44" count="319" type="stmt"/>
        <line num="45" count="319" type="stmt"/>
        <line num="51" count="1" type="cond" truecount="1" falsecount="0"/>
        <line num="52" count="627" type="stmt"/>
        <line num="53" count="627" type="cond" truecount="1" falsecount="0"/>
        <line num="54" count="2" type="stmt"/>
        <line num="55" count="2" type="cond" truecount="1" falsecount="0"/>
        <line num="57" count="625" type="stmt"/>
        <line num="59" count="625" type="stmt"/>
        <line num="60" count="627" type="cond" truecount="1" falsecount="0"/>
        <line num="61" count="2" type="stmt"/>
        <line num="62" count="2" type="cond" truecount="1" falsecount="0"/>
        <line num="64" count="623" type="stmt"/>
        <line num="66" count="627" type="cond" truecount="2" falsecount="0"/>
        <line num="67" count="627" type="cond" truecount="2" falsecount="0"/>
        <line num="68" count="202" type="stmt"/>
        <line num="69" count="202" type="cond" truecount="1" falsecount="0"/>
        <line num="71" count="627" type="cond" truecount="1" falsecount="0"/>
        <line num="72" count="627" type="stmt"/>
        <line num="78" count="1" type="cond" truecount="1" falsecount="0"/>
        <line num="79" count="326" type="stmt"/>
        <line num="80" count="326" type="stmt"/>
        <line num="84" count="326" type="stmt"/>
        <line num="85" count="326" type="stmt"/>
        <line num="87" count="326" type="stmt"/>
        <line num="88" count="326" type="cond" truecount="1" falsecount="0"/>
        <line num="89" count="2431" type="stmt"/>
        <line num="92" count="2431" type="stmt"/>
        <line num="93" count="2431" type="cond" truecount="1" falsecount="0"/>
        <line num="94" count="369" type="stmt"/>
        <line num="95" count="369" type="stmt"/>
        <line num="98" count="369" type="stmt"/>
        <line num="99" count="369" type="cond" truecount="1" falsecount="0"/>
        <line num="100" count="1484" type="stmt"/>
        <line num="101" count="1484" type="stmt"/>
        <line num="103" count="369" type="stmt"/>
        <line num="104" count="369" type="stmt"/>
        <line num="105" count="369" type="stmt"/>
        <line num="106" count="369" type="cond" truecount="1" falsecount="0"/>
        <line num="109" count="2431" type="cond" truecount="1" falsecount="0"/>
        <line num="110" count="331" type="stmt"/>
        <line num="111" count="331" type="stmt"/>
        <line num="112" count="331" type="stmt"/>
        <line num="115" count="331" type="cond" truecount="1" falsecount="0"/>
        <line num="117" count="327" type="stmt"/>
        <line num="118" count="327" type="cond" truecount="1" falsecount="0"/>
        <line num="119" count="227" type="stmt"/>
        <line num="120" count="227" type="stmt"/>
        <line num="121" count="227" type="stmt"/>
        <line num="122" count="227" type="stmt"/>
        <line num="123" count="227" type="stmt"/>
        <line num="124" count="227" type="stmt"/>
        <line num="125" count="227" type="stmt"/>
        <line num="126" count="327" type="stmt"/>
        <line num="128" count="331" type="stmt"/>
        <line num="129" count="331" type="stmt"/>
        <line num="130" count="331" type="stmt"/>
        <line num="131" count="331" type="cond" truecount="1" falsecount="0"/>
        <line num="133" count="1731" type="stmt"/>
        <line num="134" count="1731" type="stmt"/>
        <line num="136" count="326" type="stmt"/>
        <line num="137" count="326" type="stmt"/>
        <line num="143" count="1" type="cond" truecount="1" falsecount="0"/>
        <line num="144" count="433" type="stmt"/>
        <line num="145" count="433" type="stmt"/>
        <line num="146" count="433" type="stmt"/>
        <line num="148" count="433" type="cond" truecount="1" falsecount="0"/>
        <line num="149" count="810" type="stmt"/>
        <line num="151" count="810" type="cond" truecount="3" falsecount="0"/>
        <line num="152" count="332" type="stmt"/>
        <line num="153" count="810" type="cond" truecount="3" falsecount="0"/>
        <line num="154" count="124" type="stmt"/>
        <line num="155" count="478" type="cond" truecount="3" falsecount="0"/>
        <line num="156" count="123" type="stmt"/>
        <line num="157" count="123" type="stmt"/>
        <line num="158" count="810" type="stmt"/>
        <line num="161" count="433" type="cond" truecount="1" falsecount="0"/>
        <line num="162" count="101" type="stmt"/>
        <line num="163" count="101" type="cond" truecount="1" falsecount="0"/>
        <line num="165" count="332" type="stmt"/>
        <line num="166" count="332" type="stmt"/>
        <line num="172" count="1" type="cond" truecount="1" falsecount="0"/>
        <line num="173" count="863" type="stmt"/>
        <line num="174" count="863" type="stmt"/>
        <line num="175" count="863" type="stmt"/>
        <line num="176" count="863" type="stmt"/>
        <line num="177" count="863" type="cond" truecount="0" falsecount="1"/>
        <line num="180" count="863" type="cond" truecount="1" falsecount="0"/>
        <line num="181" count="303" type="stmt"/>
        <line num="182" count="303" type="cond" truecount="1" falsecount="0"/>
        <line num="184" count="560" type="cond" truecount="1" falsecount="0"/>
        <line num="185" count="141" type="cond" truecount="1" falsecount="1"/>
        <line num="186" count="419" type="stmt"/>
        <line num="188" count="863" type="cond" truecount="1" falsecount="0"/>
        <line num="189" count="140" type="cond" truecount="1" falsecount="1"/>
        <line num="190" count="420" type="stmt"/>
        <line num="192" count="863" type="stmt"/>
        <line num="193" count="863" type="stmt"/>
        <line num="194" count="863" type="stmt"/>
        <line num="195" count="863" type="stmt"/>
        <line num="196" count="863" type="stmt"/>
        <line num="197" count="863" type="stmt"/>
        <line num="198" count="863" type="stmt"/>
        <line num="199" count="863" type="stmt"/>
        <line num="205" count="1" type="cond" truecount="1" falsecount="0"/>
        <line num="206" count="867" type="stmt"/>
        <line num="207" count="867" type="stmt"/>
        <line num="208" count="867" type="stmt"/>
        <line num="209" count="867" type="stmt"/>
        <line num="210" count="867" type="stmt"/>
        <line num="215" count="1" type="cond" truecount="1" falsecount="0"/>
        <line num="216" count="359" type="cond" truecount="1" falsecount="0"/>
        <line num="217" count="359" type="stmt"/>
        <line num="225" count="331" type="cond" truecount="1" falsecount="0"/>
        <line num="226" count="331" type="cond" truecount="1" falsecount="0"/>
        <line num="227" count="670" type="stmt"/>
        <line num="228" count="670" type="cond" truecount="2" falsecount="0"/>
        <line num="229" count="327" type="stmt"/>
        <line num="230" count="327" type="stmt"/>
        <line num="231" count="670" type="cond" truecount="1" falsecount="0"/>
        <line num="232" count="4" type="stmt"/>
        <line num="233" count="4" type="stmt"/>
        <line num="239" count="331" type="cond" truecount="1" falsecount="0"/>
        <line num="240" count="331" type="stmt"/>
        <line num="241" count="331" type="stmt"/>
        <line num="242" count="331" type="stmt"/>
        <line num="244" count="331" type="stmt"/>
        <line num="245" count="331" type="cond" truecount="0" falsecount="1"/>
        <line num="246" count="0" type="stmt"/>
        <line num="247" count="0" type="stmt"/>
        <line num="249" count="331" type="stmt"/>
        <line num="250" count="331" type="cond" truecount="0" falsecount="1"/>
        <line num="251" count="0" type="stmt"/>
        <line num="252" count="0" type="stmt"/>
        <line num="255" count="331" type="stmt"/>
        <line num="256" count="331" type="cond" truecount="0" falsecount="1"/>
        <line num="257" count="0" type="stmt"/>
        <line num="258" count="0" type="stmt"/>
        <line num="260" count="331" type="stmt"/>
        <line num="261" count="331" type="cond" truecount="0" falsecount="1"/>
        <line num="262" count="0" type="stmt"/>
        <line num="263" count="0" type="stmt"/>
        <line num="266" count="331" type="stmt"/>
        <line num="267" count="331" type="stmt"/>
        <line num="268" count="331" type="cond" truecount="2" falsecount="0"/>
        <line num="269" count="978" type="stmt"/>
        <line num="270" count="978" type="stmt"/>
        <line num="271" count="978" type="stmt"/>
        <line num="272" count="978" type="stmt"/>
        <line num="273" count="978" type="stmt"/>
        <line num="274" count="978" type="stmt"/>
        <line num="276" count="331" type="stmt"/>
        <line num="277" count="331" type="stmt"/>
        <line num="284" count="1640" type="cond" truecount="1" falsecount="0"/>
        <line num="285" count="1640" type="stmt"/>
        <line num="287" count="1640" type="cond" truecount="0" falsecount="1"/>
        <line num="288" count="1640" type="cond" truecount="0" falsecount="1"/>
        <line num="290" count="1640" type="cond" truecount="1" falsecount="0"/>
        <line num="291" count="1640" type="stmt"/>
        <line num="296" count="331" type="cond" truecount="1" falsecount="0"/>
        <line num="297" count="331" type="cond" truecount="0" falsecount="1"/>
        <line num="298" count="0" type="stmt"/>
        <line num="299" count="0" type="stmt"/>
        <line num="301" count="331" type="stmt"/>
        <line num="302" count="331" type="cond" truecount="1" falsecount="0"/>
        <line num="303" count="331" type="stmt"/>
      </file>
    </package>
    <package name="daily-quote.src.types">
      <metrics statements="0" coveredstatements="0" conditionals="1" coveredconditionals="1" methods="1" coveredmethods="1"/>
      <file name="quote.ts" path="C:\Users\MWA4SE\Documents\opensource\course\tools\daily-quote\src\types\quote.ts">
        <metrics statements="0" coveredstatements="0" conditionals="1" coveredconditionals="1" methods="1" coveredmethods="1"/>
      </file>
    </package>
  </project>
</coverage>
