{"C:\\Users\\MWA4SE\\Documents\\opensource\\course\\tools\\daily-quote\\postcss.config.js": {"path":"C:\\Users\\MWA4SE\\Documents\\opensource\\course\\tools\\daily-quote\\postcss.config.js","all":true,"statementMap":{"0":{"start":{"line":1,"column":0},"end":{"line":1,"column":16}},"1":{"start":{"line":2,"column":0},"end":{"line":2,"column":12}},"2":{"start":{"line":3,"column":0},"end":{"line":3,"column":20}},"3":{"start":{"line":4,"column":0},"end":{"line":4,"column":21}},"4":{"start":{"line":5,"column":0},"end":{"line":5,"column":4}},"5":{"start":{"line":6,"column":0},"end":{"line":6,"column":2}}},"s":{"0":0,"1":0,"2":0,"3":0,"4":0,"5":0},"branchMap":{"0":{"type":"branch","line":1,"loc":{"start":{"line":1,"column":0},"end":{"line":6,"column":-12}},"locations":[{"start":{"line":1,"column":0},"end":{"line":6,"column":-12}}]}},"b":{"0":[0]},"fnMap":{"0":{"name":"(empty-report)","decl":{"start":{"line":1,"column":0},"end":{"line":6,"column":-12}},"loc":{"start":{"line":1,"column":0},"end":{"line":6,"column":-12}},"line":1}},"f":{"0":0}}
,"C:\\Users\\MWA4SE\\Documents\\opensource\\course\\tools\\daily-quote\\tailwind.config.ts": {"path":"C:\\Users\\MWA4SE\\Documents\\opensource\\course\\tools\\daily-quote\\tailwind.config.ts","all":true,"statementMap":{"2":{"start":{"line":3,"column":0},"end":{"line":3,"column":16}},"3":{"start":{"line":4,"column":0},"end":{"line":4,"column":51}},"4":{"start":{"line":5,"column":0},"end":{"line":5,"column":10}},"5":{"start":{"line":6,"column":0},"end":{"line":6,"column":13}},"6":{"start":{"line":7,"column":0},"end":{"line":7,"column":27}},"7":{"start":{"line":8,"column":0},"end":{"line":8,"column":23}},"8":{"start":{"line":9,"column":0},"end":{"line":9,"column":8}},"9":{"start":{"line":10,"column":0},"end":{"line":10,"column":6}},"10":{"start":{"line":11,"column":0},"end":{"line":11,"column":4}},"11":{"start":{"line":12,"column":0},"end":{"line":12,"column":14}},"12":{"start":{"line":13,"column":0},"end":{"line":13,"column":19}}},"s":{"2":0,"3":0,"4":0,"5":0,"6":0,"7":0,"8":0,"9":0,"10":0,"11":0,"12":0},"branchMap":{"0":{"type":"branch","line":1,"loc":{"start":{"line":1,"column":257},"end":{"line":13,"column":19}},"locations":[{"start":{"line":1,"column":257},"end":{"line":13,"column":19}}]}},"b":{"0":[1]},"fnMap":{"0":{"name":"(empty-report)","decl":{"start":{"line":1,"column":257},"end":{"line":13,"column":19}},"loc":{"start":{"line":1,"column":257},"end":{"line":13,"column":19}},"line":1}},"f":{"0":1}}
,"C:\\Users\\MWA4SE\\Documents\\opensource\\course\\tools\\daily-quote\\scripts\\parse-quotes.ts": {"path":"C:\\Users\\MWA4SE\\Documents\\opensource\\course\\tools\\daily-quote\\scripts\\parse-quotes.ts","all":true,"statementMap":{"0":{"start":{"line":1,"column":0},"end":{"line":1,"column":71}},"1":{"start":{"line":2,"column":0},"end":{"line":2,"column":37}},"2":{"start":{"line":3,"column":0},"end":{"line":3,"column":51}},"3":{"start":{"line":4,"column":0},"end":{"line":4,"column":41}},"4":{"start":{"line":5,"column":0},"end":{"line":5,"column":63}},"9":{"start":{"line":10,"column":0},"end":{"line":10,"column":58}},"10":{"start":{"line":11,"column":0},"end":{"line":11,"column":64}},"11":{"start":{"line":12,"column":0},"end":{"line":12,"column":65}},"25":{"start":{"line":26,"column":0},"end":{"line":26,"column":38}},"27":{"start":{"line":28,"column":0},"end":{"line":28,"column":30}},"28":{"start":{"line":29,"column":0},"end":{"line":29,"column":20}},"29":{"start":{"line":30,"column":0},"end":{"line":30,"column":47}},"31":{"start":{"line":32,"column":0},"end":{"line":32,"column":6}},"32":{"start":{"line":33,"column":0},"end":{"line":33,"column":3}},"35":{"start":{"line":36,"column":0},"end":{"line":36,"column":43}},"36":{"start":{"line":37,"column":0},"end":{"line":37,"column":26}},"37":{"start":{"line":38,"column":0},"end":{"line":38,"column":55}},"38":{"start":{"line":39,"column":0},"end":{"line":39,"column":12}},"40":{"start":{"line":41,"column":0},"end":{"line":41,"column":29}},"41":{"start":{"line":42,"column":0},"end":{"line":42,"column":33}},"42":{"start":{"line":43,"column":0},"end":{"line":43,"column":20}},"43":{"start":{"line":44,"column":0},"end":{"line":44,"column":21}},"44":{"start":{"line":45,"column":0},"end":{"line":45,"column":19}},"45":{"start":{"line":46,"column":0},"end":{"line":46,"column":26}},"46":{"start":{"line":47,"column":0},"end":{"line":47,"column":4}},"49":{"start":{"line":50,"column":0},"end":{"line":50,"column":32}},"51":{"start":{"line":52,"column":0},"end":{"line":52,"column":31}},"52":{"start":{"line":53,"column":0},"end":{"line":53,"column":42}},"54":{"start":{"line":55,"column":0},"end":{"line":55,"column":24}},"55":{"start":{"line":56,"column":0},"end":{"line":56,"column":9}},"56":{"start":{"line":57,"column":0},"end":{"line":57,"column":50}},"57":{"start":{"line":58,"column":0},"end":{"line":58,"column":19}},"58":{"start":{"line":59,"column":0},"end":{"line":59,"column":71}},"59":{"start":{"line":60,"column":0},"end":{"line":60,"column":73}},"60":{"start":{"line":61,"column":0},"end":{"line":61,"column":68}},"61":{"start":{"line":62,"column":0},"end":{"line":62,"column":15}},"62":{"start":{"line":63,"column":0},"end":{"line":63,"column":5}},"64":{"start":{"line":65,"column":0},"end":{"line":65,"column":59}},"66":{"start":{"line":67,"column":0},"end":{"line":67,"column":30}},"67":{"start":{"line":68,"column":0},"end":{"line":68,"column":70}},"68":{"start":{"line":69,"column":0},"end":{"line":69,"column":12}},"69":{"start":{"line":70,"column":0},"end":{"line":70,"column":27}},"70":{"start":{"line":71,"column":0},"end":{"line":71,"column":41}},"71":{"start":{"line":72,"column":0},"end":{"line":72,"column":64}},"72":{"start":{"line":73,"column":0},"end":{"line":73,"column":32}},"73":{"start":{"line":74,"column":0},"end":{"line":74,"column":5}},"74":{"start":{"line":75,"column":0},"end":{"line":75,"column":3}},"77":{"start":{"line":78,"column":0},"end":{"line":78,"column":40}},"78":{"start":{"line":79,"column":0},"end":{"line":79,"column":31}},"79":{"start":{"line":80,"column":0},"end":{"line":80,"column":48}},"80":{"start":{"line":81,"column":0},"end":{"line":81,"column":3}},"83":{"start":{"line":84,"column":0},"end":{"line":84,"column":75}},"86":{"start":{"line":87,"column":0},"end":{"line":87,"column":38}},"87":{"start":{"line":88,"column":0},"end":{"line":88,"column":52}},"88":{"start":{"line":89,"column":0},"end":{"line":89,"column":50}},"89":{"start":{"line":90,"column":0},"end":{"line":90,"column":59}},"90":{"start":{"line":91,"column":0},"end":{"line":91,"column":38}},"91":{"start":{"line":92,"column":0},"end":{"line":92,"column":56}},"92":{"start":{"line":93,"column":0},"end":{"line":93,"column":44}},"93":{"start":{"line":94,"column":0},"end":{"line":94,"column":5}},"94":{"start":{"line":95,"column":0},"end":{"line":95,"column":3}},"95":{"start":{"line":96,"column":0},"end":{"line":96,"column":52}},"96":{"start":{"line":97,"column":0},"end":{"line":97,"column":27}},"97":{"start":{"line":98,"column":0},"end":{"line":98,"column":59}},"98":{"start":{"line":99,"column":0},"end":{"line":99,"column":43}},"99":{"start":{"line":100,"column":0},"end":{"line":100,"column":3}},"100":{"start":{"line":101,"column":0},"end":{"line":101,"column":39}},"101":{"start":{"line":102,"column":0},"end":{"line":102,"column":44}},"102":{"start":{"line":103,"column":0},"end":{"line":103,"column":1}},"106":{"start":{"line":107,"column":0},"end":{"line":107,"column":23}},"107":{"start":{"line":108,"column":0},"end":{"line":108,"column":66}},"108":{"start":{"line":109,"column":0},"end":{"line":109,"column":18}},"109":{"start":{"line":110,"column":0},"end":{"line":110,"column":3}}},"s":{"0":0,"1":0,"2":0,"3":0,"4":0,"9":0,"10":0,"11":0,"25":0,"27":0,"28":0,"29":0,"31":0,"32":0,"35":0,"36":0,"37":0,"38":0,"40":0,"41":0,"42":0,"43":0,"44":0,"45":0,"46":0,"49":0,"51":0,"52":0,"54":0,"55":0,"56":0,"57":0,"58":0,"59":0,"60":0,"61":0,"62":0,"64":0,"66":0,"67":0,"68":0,"69":0,"70":0,"71":0,"72":0,"73":0,"74":0,"77":0,"78":0,"79":0,"80":0,"83":0,"86":0,"87":0,"88":0,"89":0,"90":0,"91":0,"92":0,"93":0,"94":0,"95":0,"96":0,"97":0,"98":0,"99":0,"100":0,"101":0,"102":0,"106":0,"107":0,"108":0,"109":0},"branchMap":{"0":{"type":"branch","line":1,"loc":{"start":{"line":1,"column":0},"end":{"line":110,"column":-25}},"locations":[{"start":{"line":1,"column":0},"end":{"line":110,"column":-25}}]}},"b":{"0":[0]},"fnMap":{"0":{"name":"(empty-report)","decl":{"start":{"line":1,"column":0},"end":{"line":110,"column":-25}},"loc":{"start":{"line":1,"column":0},"end":{"line":110,"column":-25}},"line":1}},"f":{"0":0}}
,"C:\\Users\\MWA4SE\\Documents\\opensource\\course\\tools\\daily-quote\\src\\App.tsx": {"path":"C:\\Users\\MWA4SE\\Documents\\opensource\\course\\tools\\daily-quote\\src\\App.tsx","all":true,"statementMap":{"0":{"start":{"line":1,"column":0},"end":{"line":1,"column":29}},"1":{"start":{"line":2,"column":0},"end":{"line":2,"column":10}},"2":{"start":{"line":3,"column":0},"end":{"line":3,"column":80}},"3":{"start":{"line":4,"column":0},"end":{"line":4,"column":72}},"4":{"start":{"line":5,"column":0},"end":{"line":5,"column":10}},"6":{"start":{"line":7,"column":0},"end":{"line":7,"column":1}},"8":{"start":{"line":9,"column":0},"end":{"line":9,"column":18}}},"s":{"0":0,"1":0,"2":0,"3":0,"4":0,"6":0,"8":0},"branchMap":{"0":{"type":"branch","line":1,"loc":{"start":{"line":1,"column":0},"end":{"line":9,"column":-98}},"locations":[{"start":{"line":1,"column":0},"end":{"line":9,"column":-98}}]}},"b":{"0":[0]},"fnMap":{"0":{"name":"(empty-report)","decl":{"start":{"line":1,"column":0},"end":{"line":9,"column":-98}},"loc":{"start":{"line":1,"column":0},"end":{"line":9,"column":-98}},"line":1}},"f":{"0":0}}
,"C:\\Users\\MWA4SE\\Documents\\opensource\\course\\tools\\daily-quote\\src\\main.tsx": {"path":"C:\\Users\\MWA4SE\\Documents\\opensource\\course\\tools\\daily-quote\\src\\main.tsx","all":true,"statementMap":{"0":{"start":{"line":1,"column":0},"end":{"line":1,"column":25}},"1":{"start":{"line":2,"column":0},"end":{"line":2,"column":39}},"2":{"start":{"line":3,"column":0},"end":{"line":3,"column":23}},"3":{"start":{"line":4,"column":0},"end":{"line":4,"column":20}},"5":{"start":{"line":6,"column":0},"end":{"line":6,"column":61}},"6":{"start":{"line":7,"column":0},"end":{"line":7,"column":20}},"7":{"start":{"line":8,"column":0},"end":{"line":8,"column":11}},"8":{"start":{"line":9,"column":0},"end":{"line":9,"column":21}},"9":{"start":{"line":10,"column":0},"end":{"line":10,"column":1}}},"s":{"0":0,"1":0,"2":0,"3":0,"5":0,"6":0,"7":0,"8":0,"9":0},"branchMap":{"0":{"type":"branch","line":1,"loc":{"start":{"line":1,"column":239},"end":{"line":10,"column":1}},"locations":[{"start":{"line":1,"column":239},"end":{"line":10,"column":1}}]}},"b":{"0":[0]},"fnMap":{"0":{"name":"(empty-report)","decl":{"start":{"line":1,"column":239},"end":{"line":10,"column":1}},"loc":{"start":{"line":1,"column":239},"end":{"line":10,"column":1}},"line":1}},"f":{"0":0}}
,"C:\\Users\\MWA4SE\\Documents\\opensource\\course\\tools\\daily-quote\\src\\components\\CopyButton.tsx": {"path":"C:\\Users\\MWA4SE\\Documents\\opensource\\course\\tools\\daily-quote\\src\\components\\CopyButton.tsx","all":true,"statementMap":{"0":{"start":{"line":1,"column":0},"end":{"line":1,"column":26}},"2":{"start":{"line":3,"column":0},"end":{"line":3,"column":65}},"9":{"start":{"line":10,"column":0},"end":{"line":10,"column":72}},"10":{"start":{"line":11,"column":0},"end":{"line":11,"column":61}},"12":{"start":{"line":13,"column":0},"end":{"line":13,"column":29}},"13":{"start":{"line":14,"column":0},"end":{"line":14,"column":16}},"14":{"start":{"line":15,"column":0},"end":{"line":15,"column":4}},"16":{"start":{"line":17,"column":0},"end":{"line":17,"column":46}},"18":{"start":{"line":19,"column":0},"end":{"line":19,"column":39}},"19":{"start":{"line":20,"column":0},"end":{"line":20,"column":21}},"20":{"start":{"line":21,"column":0},"end":{"line":21,"column":21}},"21":{"start":{"line":22,"column":0},"end":{"line":22,"column":23}},"22":{"start":{"line":23,"column":0},"end":{"line":23,"column":19}},"23":{"start":{"line":24,"column":0},"end":{"line":24,"column":22}},"24":{"start":{"line":25,"column":0},"end":{"line":25,"column":25}},"25":{"start":{"line":26,"column":0},"end":{"line":26,"column":23}},"26":{"start":{"line":27,"column":0},"end":{"line":27,"column":14}},"27":{"start":{"line":28,"column":0},"end":{"line":28,"column":20}},"28":{"start":{"line":29,"column":0},"end":{"line":29,"column":5}},"29":{"start":{"line":30,"column":0},"end":{"line":30,"column":4}},"31":{"start":{"line":32,"column":0},"end":{"line":32,"column":44}},"32":{"start":{"line":33,"column":0},"end":{"line":33,"column":16}},"33":{"start":{"line":34,"column":0},"end":{"line":34,"column":164}},"35":{"start":{"line":36,"column":0},"end":{"line":36,"column":23}},"36":{"start":{"line":37,"column":0},"end":{"line":37,"column":68}},"37":{"start":{"line":38,"column":0},"end":{"line":38,"column":5}},"39":{"start":{"line":40,"column":0},"end":{"line":40,"column":31}},"40":{"start":{"line":41,"column":0},"end":{"line":41,"column":47}},"41":{"start":{"line":42,"column":0},"end":{"line":42,"column":5}},"43":{"start":{"line":44,"column":0},"end":{"line":44,"column":29}},"44":{"start":{"line":45,"column":0},"end":{"line":45,"column":45}},"45":{"start":{"line":46,"column":0},"end":{"line":46,"column":5}},"47":{"start":{"line":48,"column":0},"end":{"line":48,"column":19}},"48":{"start":{"line":49,"column":0},"end":{"line":49,"column":68}},"49":{"start":{"line":50,"column":0},"end":{"line":50,"column":5}},"51":{"start":{"line":52,"column":0},"end":{"line":52,"column":64}},"52":{"start":{"line":53,"column":0},"end":{"line":53,"column":4}},"54":{"start":{"line":55,"column":0},"end":{"line":55,"column":10}},"55":{"start":{"line":56,"column":0},"end":{"line":56,"column":11}},"56":{"start":{"line":57,"column":0},"end":{"line":57,"column":27}},"57":{"start":{"line":58,"column":0},"end":{"line":58,"column":27}},"58":{"start":{"line":59,"column":0},"end":{"line":59,"column":27}},"59":{"start":{"line":60,"column":0},"end":{"line":60,"column":38}},"60":{"start":{"line":61,"column":0},"end":{"line":61,"column":56}},"62":{"start":{"line":63,"column":0},"end":{"line":63,"column":23}},"63":{"start":{"line":64,"column":0},"end":{"line":64,"column":13}},"65":{"start":{"line":66,"column":0},"end":{"line":66,"column":2}},"67":{"start":{"line":68,"column":0},"end":{"line":68,"column":26}}},"s":{"0":0,"2":0,"9":0,"10":0,"12":0,"13":0,"14":0,"16":0,"18":0,"19":0,"20":0,"21":0,"22":0,"23":0,"24":0,"25":0,"26":0,"27":0,"28":0,"29":0,"31":0,"32":0,"33":0,"35":0,"36":0,"37":0,"39":0,"40":0,"41":0,"43":0,"44":0,"45":0,"47":0,"48":0,"49":0,"51":0,"52":0,"54":0,"55":0,"56":0,"57":0,"58":0,"59":0,"60":0,"62":0,"63":0,"65":0,"67":0},"branchMap":{"0":{"type":"branch","line":1,"loc":{"start":{"line":1,"column":0},"end":{"line":68,"column":-252}},"locations":[{"start":{"line":1,"column":0},"end":{"line":68,"column":-252}}]}},"b":{"0":[0]},"fnMap":{"0":{"name":"(empty-report)","decl":{"start":{"line":1,"column":0},"end":{"line":68,"column":-252}},"loc":{"start":{"line":1,"column":0},"end":{"line":68,"column":-252}},"line":1}},"f":{"0":0}}
,"C:\\Users\\MWA4SE\\Documents\\opensource\\course\\tools\\daily-quote\\src\\components\\EmptyState.tsx": {"path":"C:\\Users\\MWA4SE\\Documents\\opensource\\course\\tools\\daily-quote\\src\\components\\EmptyState.tsx","all":false,"statementMap":{"0":{"start":{"line":1,"column":0},"end":{"line":1,"column":27}},"5":{"start":{"line":6,"column":0},"end":{"line":6,"column":76}},"6":{"start":{"line":7,"column":0},"end":{"line":7,"column":27}},"7":{"start":{"line":8,"column":0},"end":{"line":8,"column":12}},"8":{"start":{"line":9,"column":0},"end":{"line":9,"column":88}},"9":{"start":{"line":10,"column":0},"end":{"line":10,"column":60}},"11":{"start":{"line":12,"column":0},"end":{"line":12,"column":12}},"12":{"start":{"line":13,"column":0},"end":{"line":13,"column":12}},"14":{"start":{"line":15,"column":0},"end":{"line":15,"column":3}},"16":{"start":{"line":17,"column":0},"end":{"line":17,"column":27}},"17":{"start":{"line":18,"column":0},"end":{"line":18,"column":12}},"18":{"start":{"line":19,"column":0},"end":{"line":19,"column":105}},"19":{"start":{"line":20,"column":0},"end":{"line":20,"column":62}},"21":{"start":{"line":22,"column":0},"end":{"line":22,"column":12}},"22":{"start":{"line":23,"column":0},"end":{"line":23,"column":62}},"23":{"start":{"line":24,"column":0},"end":{"line":24,"column":160}},"24":{"start":{"line":25,"column":0},"end":{"line":25,"column":12}},"25":{"start":{"line":26,"column":0},"end":{"line":26,"column":12}},"27":{"start":{"line":28,"column":0},"end":{"line":28,"column":3}},"30":{"start":{"line":31,"column":0},"end":{"line":31,"column":10}},"31":{"start":{"line":32,"column":0},"end":{"line":32,"column":86}},"32":{"start":{"line":33,"column":0},"end":{"line":33,"column":60}},"34":{"start":{"line":35,"column":0},"end":{"line":35,"column":10}},"35":{"start":{"line":36,"column":0},"end":{"line":36,"column":25}},"36":{"start":{"line":37,"column":0},"end":{"line":37,"column":15}},"37":{"start":{"line":38,"column":0},"end":{"line":38,"column":33}},"38":{"start":{"line":39,"column":0},"end":{"line":39,"column":208}},"39":{"start":{"line":40,"column":0},"end":{"line":40,"column":9}},"41":{"start":{"line":42,"column":0},"end":{"line":42,"column":17}},"43":{"start":{"line":44,"column":0},"end":{"line":44,"column":10}},"45":{"start":{"line":46,"column":0},"end":{"line":46,"column":2}},"47":{"start":{"line":48,"column":0},"end":{"line":48,"column":26}}},"s":{"0":1,"5":1,"6":8,"7":2,"8":2,"9":2,"11":2,"12":2,"14":2,"16":8,"17":2,"18":2,"19":2,"21":2,"22":2,"23":2,"24":2,"25":2,"27":2,"30":4,"31":4,"32":4,"34":4,"35":4,"36":2,"37":2,"38":2,"39":2,"41":2,"43":8,"45":8,"47":1},"branchMap":{"0":{"type":"branch","line":6,"loc":{"start":{"line":6,"column":46},"end":{"line":46,"column":2}},"locations":[{"start":{"line":6,"column":46},"end":{"line":46,"column":2}}]},"1":{"type":"branch","line":7,"loc":{"start":{"line":7,"column":26},"end":{"line":15,"column":3}},"locations":[{"start":{"line":7,"column":26},"end":{"line":15,"column":3}}]},"2":{"type":"branch","line":15,"loc":{"start":{"line":15,"column":2},"end":{"line":17,"column":26}},"locations":[{"start":{"line":15,"column":2},"end":{"line":17,"column":26}}]},"3":{"type":"branch","line":17,"loc":{"start":{"line":17,"column":26},"end":{"line":28,"column":3}},"locations":[{"start":{"line":17,"column":26},"end":{"line":28,"column":3}}]},"4":{"type":"branch","line":28,"loc":{"start":{"line":28,"column":2},"end":{"line":36,"column":25}},"locations":[{"start":{"line":28,"column":2},"end":{"line":36,"column":25}}]},"5":{"type":"branch","line":36,"loc":{"start":{"line":36,"column":7},"end":{"line":42,"column":17}},"locations":[{"start":{"line":36,"column":7},"end":{"line":42,"column":17}}]}},"b":{"0":[8],"1":[2],"2":[6],"3":[2],"4":[4],"5":[2]},"fnMap":{"0":{"name":"EmptyState","decl":{"start":{"line":6,"column":46},"end":{"line":46,"column":2}},"loc":{"start":{"line":6,"column":46},"end":{"line":46,"column":2}},"line":6}},"f":{"0":8}}
,"C:\\Users\\MWA4SE\\Documents\\opensource\\course\\tools\\daily-quote\\src\\components\\ErrorBoundary.tsx": {"path":"C:\\Users\\MWA4SE\\Documents\\opensource\\course\\tools\\daily-quote\\src\\components\\ErrorBoundary.tsx","all":false,"statementMap":{"0":{"start":{"line":1,"column":0},"end":{"line":1,"column":26}},"12":{"start":{"line":13,"column":0},"end":{"line":13,"column":85}},"13":{"start":{"line":14,"column":0},"end":{"line":14,"column":42}},"14":{"start":{"line":15,"column":0},"end":{"line":15,"column":17}},"15":{"start":{"line":16,"column":0},"end":{"line":16,"column":50}},"16":{"start":{"line":17,"column":0},"end":{"line":17,"column":3}},"18":{"start":{"line":19,"column":0},"end":{"line":19,"column":69}},"19":{"start":{"line":20,"column":0},"end":{"line":20,"column":37}},"20":{"start":{"line":21,"column":0},"end":{"line":21,"column":3}},"22":{"start":{"line":23,"column":0},"end":{"line":23,"column":69}},"23":{"start":{"line":24,"column":0},"end":{"line":24,"column":70}},"24":{"start":{"line":25,"column":0},"end":{"line":25,"column":3}},"26":{"start":{"line":27,"column":0},"end":{"line":27,"column":39}},"27":{"start":{"line":28,"column":0},"end":{"line":28,"column":29}},"28":{"start":{"line":29,"column":0},"end":{"line":29,"column":4}},"30":{"start":{"line":31,"column":0},"end":{"line":31,"column":29}},"31":{"start":{"line":32,"column":0},"end":{"line":32,"column":30}},"32":{"start":{"line":33,"column":0},"end":{"line":33,"column":32}},"33":{"start":{"line":34,"column":0},"end":{"line":34,"column":35}},"34":{"start":{"line":35,"column":0},"end":{"line":35,"column":7}},"36":{"start":{"line":37,"column":0},"end":{"line":37,"column":14}},"37":{"start":{"line":38,"column":0},"end":{"line":38,"column":12}},"38":{"start":{"line":39,"column":0},"end":{"line":39,"column":93}},"39":{"start":{"line":40,"column":0},"end":{"line":40,"column":22}},"41":{"start":{"line":42,"column":0},"end":{"line":42,"column":68}},"43":{"start":{"line":44,"column":0},"end":{"line":44,"column":15}},"44":{"start":{"line":45,"column":0},"end":{"line":45,"column":44}},"46":{"start":{"line":47,"column":0},"end":{"line":47,"column":14}},"47":{"start":{"line":48,"column":0},"end":{"line":48,"column":17}},"48":{"start":{"line":49,"column":0},"end":{"line":49,"column":40}},"49":{"start":{"line":50,"column":0},"end":{"line":50,"column":202}},"50":{"start":{"line":51,"column":0},"end":{"line":51,"column":11}},"52":{"start":{"line":53,"column":0},"end":{"line":53,"column":19}},"53":{"start":{"line":54,"column":0},"end":{"line":54,"column":14}},"55":{"start":{"line":56,"column":0},"end":{"line":56,"column":5}},"57":{"start":{"line":58,"column":0},"end":{"line":58,"column":31}},"58":{"start":{"line":59,"column":0},"end":{"line":59,"column":3}},"59":{"start":{"line":60,"column":0},"end":{"line":60,"column":1}},"61":{"start":{"line":62,"column":0},"end":{"line":62,"column":29}}},"s":{"0":1,"12":1,"13":1,"14":10,"15":10,"16":10,"18":1,"19":8,"20":8,"22":1,"23":4,"24":4,"26":1,"27":0,"28":0,"30":1,"31":17,"32":8,"33":2,"34":2,"36":6,"37":6,"38":6,"39":6,"41":6,"43":6,"44":6,"46":6,"47":6,"48":6,"49":6,"50":6,"52":6,"53":6,"55":6,"57":9,"58":17,"59":1,"61":1},"branchMap":{"0":{"type":"branch","line":14,"loc":{"start":{"line":14,"column":2},"end":{"line":17,"column":3}},"locations":[{"start":{"line":14,"column":2},"end":{"line":17,"column":3}}]},"1":{"type":"branch","line":19,"loc":{"start":{"line":19,"column":9},"end":{"line":21,"column":3}},"locations":[{"start":{"line":19,"column":9},"end":{"line":21,"column":3}}]},"2":{"type":"branch","line":23,"loc":{"start":{"line":23,"column":2},"end":{"line":25,"column":3}},"locations":[{"start":{"line":23,"column":2},"end":{"line":25,"column":3}}]},"3":{"type":"branch","line":27,"loc":{"start":{"line":27,"column":10},"end":{"line":29,"column":4}},"locations":[{"start":{"line":27,"column":10},"end":{"line":29,"column":4}}]},"4":{"type":"branch","line":31,"loc":{"start":{"line":31,"column":2},"end":{"line":59,"column":3}},"locations":[{"start":{"line":31,"column":2},"end":{"line":59,"column":3}}]},"5":{"type":"branch","line":32,"loc":{"start":{"line":32,"column":29},"end":{"line":56,"column":5}},"locations":[{"start":{"line":32,"column":29},"end":{"line":56,"column":5}}]},"6":{"type":"branch","line":33,"loc":{"start":{"line":33,"column":31},"end":{"line":35,"column":7}},"locations":[{"start":{"line":33,"column":31},"end":{"line":35,"column":7}}]},"7":{"type":"branch","line":35,"loc":{"start":{"line":35,"column":6},"end":{"line":56,"column":5}},"locations":[{"start":{"line":35,"column":6},"end":{"line":56,"column":5}}]},"8":{"type":"branch","line":56,"loc":{"start":{"line":56,"column":4},"end":{"line":58,"column":31}},"locations":[{"start":{"line":56,"column":4},"end":{"line":58,"column":31}}]}},"b":{"0":[10],"1":[8],"2":[4],"3":[9],"4":[17],"5":[8],"6":[2],"7":[6],"8":[9]},"fnMap":{"0":{"name":"ErrorBoundary","decl":{"start":{"line":14,"column":2},"end":{"line":17,"column":3}},"loc":{"start":{"line":14,"column":2},"end":{"line":17,"column":3}},"line":14},"1":{"name":"getDerivedStateFromError","decl":{"start":{"line":19,"column":9},"end":{"line":21,"column":3}},"loc":{"start":{"line":19,"column":9},"end":{"line":21,"column":3}},"line":19},"2":{"name":"componentDidCatch","decl":{"start":{"line":23,"column":2},"end":{"line":25,"column":3}},"loc":{"start":{"line":23,"column":2},"end":{"line":25,"column":3}},"line":23},"3":{"name":"<instance_members_initializer>","decl":{"start":{"line":27,"column":10},"end":{"line":29,"column":4}},"loc":{"start":{"line":27,"column":10},"end":{"line":29,"column":4}},"line":27},"4":{"name":"handleRefresh","decl":{"start":{"line":27,"column":26},"end":{"line":29,"column":4}},"loc":{"start":{"line":27,"column":26},"end":{"line":29,"column":4}},"line":27},"5":{"name":"render","decl":{"start":{"line":31,"column":2},"end":{"line":59,"column":3}},"loc":{"start":{"line":31,"column":2},"end":{"line":59,"column":3}},"line":31}},"f":{"0":10,"1":8,"2":4,"3":9,"4":0,"5":17}}
,"C:\\Users\\MWA4SE\\Documents\\opensource\\course\\tools\\daily-quote\\src\\components\\FilterPanel.tsx": {"path":"C:\\Users\\MWA4SE\\Documents\\opensource\\course\\tools\\daily-quote\\src\\components\\FilterPanel.tsx","all":false,"statementMap":{"0":{"start":{"line":1,"column":0},"end":{"line":1,"column":26}},"9":{"start":{"line":10,"column":0},"end":{"line":10,"column":57}},"10":{"start":{"line":11,"column":0},"end":{"line":11,"column":10}},"11":{"start":{"line":12,"column":0},"end":{"line":12,"column":18}},"12":{"start":{"line":13,"column":0},"end":{"line":13,"column":20}},"13":{"start":{"line":14,"column":0},"end":{"line":14,"column":7}},"14":{"start":{"line":15,"column":0},"end":{"line":15,"column":51}},"16":{"start":{"line":17,"column":0},"end":{"line":17,"column":32}},"17":{"start":{"line":18,"column":0},"end":{"line":18,"column":33}},"18":{"start":{"line":19,"column":0},"end":{"line":19,"column":4}},"20":{"start":{"line":21,"column":0},"end":{"line":21,"column":53}},"21":{"start":{"line":22,"column":0},"end":{"line":22,"column":44}},"22":{"start":{"line":23,"column":0},"end":{"line":23,"column":33}},"23":{"start":{"line":24,"column":0},"end":{"line":24,"column":32}},"25":{"start":{"line":26,"column":0},"end":{"line":26,"column":30}},"26":{"start":{"line":27,"column":0},"end":{"line":27,"column":37}},"27":{"start":{"line":28,"column":0},"end":{"line":28,"column":15}},"28":{"start":{"line":29,"column":0},"end":{"line":29,"column":7}},"29":{"start":{"line":30,"column":0},"end":{"line":30,"column":12}},"30":{"start":{"line":31,"column":0},"end":{"line":31,"column":29}},"31":{"start":{"line":32,"column":0},"end":{"line":32,"column":5}},"32":{"start":{"line":33,"column":0},"end":{"line":33,"column":30}},"33":{"start":{"line":34,"column":0},"end":{"line":34,"column":4}},"35":{"start":{"line":36,"column":0},"end":{"line":36,"column":10}},"36":{"start":{"line":37,"column":0},"end":{"line":37,"column":62}},"37":{"start":{"line":38,"column":0},"end":{"line":38,"column":13}},"38":{"start":{"line":39,"column":0},"end":{"line":39,"column":21}},"39":{"start":{"line":40,"column":0},"end":{"line":40,"column":32}},"40":{"start":{"line":41,"column":0},"end":{"line":41,"column":36}},"41":{"start":{"line":42,"column":0},"end":{"line":42,"column":73}},"42":{"start":{"line":43,"column":0},"end":{"line":43,"column":23}},"43":{"start":{"line":44,"column":0},"end":{"line":44,"column":42}},"44":{"start":{"line":45,"column":0},"end":{"line":45,"column":62}},"45":{"start":{"line":46,"column":0},"end":{"line":46,"column":11}},"46":{"start":{"line":47,"column":0},"end":{"line":47,"column":7}},"48":{"start":{"line":49,"column":0},"end":{"line":49,"column":15}},"49":{"start":{"line":50,"column":0},"end":{"line":50,"column":32}},"50":{"start":{"line":51,"column":0},"end":{"line":51,"column":60}},"51":{"start":{"line":52,"column":0},"end":{"line":52,"column":16}},"52":{"start":{"line":53,"column":0},"end":{"line":53,"column":17}},"53":{"start":{"line":54,"column":0},"end":{"line":54,"column":29}},"54":{"start":{"line":55,"column":0},"end":{"line":55,"column":25}},"55":{"start":{"line":56,"column":0},"end":{"line":56,"column":58}},"56":{"start":{"line":57,"column":0},"end":{"line":57,"column":37}},"57":{"start":{"line":58,"column":0},"end":{"line":58,"column":77}},"58":{"start":{"line":59,"column":0},"end":{"line":59,"column":24}},"59":{"start":{"line":60,"column":0},"end":{"line":60,"column":46}},"60":{"start":{"line":61,"column":0},"end":{"line":61,"column":66}},"61":{"start":{"line":62,"column":0},"end":{"line":62,"column":15}},"63":{"start":{"line":64,"column":0},"end":{"line":64,"column":25}},"64":{"start":{"line":65,"column":0},"end":{"line":65,"column":69}},"65":{"start":{"line":66,"column":0},"end":{"line":66,"column":19}},"67":{"start":{"line":68,"column":0},"end":{"line":68,"column":9}},"68":{"start":{"line":69,"column":0},"end":{"line":69,"column":10}},"70":{"start":{"line":71,"column":0},"end":{"line":71,"column":2}}},"s":{"0":1,"9":1,"10":10,"11":10,"12":10,"13":10,"14":10,"16":10,"17":1,"18":1,"20":10,"21":3,"22":3,"23":1,"25":1,"26":1,"27":1,"28":1,"29":3,"30":2,"31":2,"32":2,"33":3,"35":10,"36":10,"37":10,"38":10,"39":10,"40":10,"41":10,"42":10,"43":4,"44":6,"45":10,"46":10,"48":10,"49":10,"50":30,"51":30,"52":30,"53":30,"54":30,"55":30,"56":30,"57":30,"58":30,"59":6,"60":24,"61":30,"63":30,"64":30,"65":30,"67":10,"68":10,"70":10},"branchMap":{"0":{"type":"branch","line":10,"loc":{"start":{"line":10,"column":55},"end":{"line":71,"column":2}},"locations":[{"start":{"line":10,"column":55},"end":{"line":71,"column":2}}]},"1":{"type":"branch","line":43,"loc":{"start":{"line":43,"column":10},"end":{"line":44,"column":42}},"locations":[{"start":{"line":43,"column":10},"end":{"line":44,"column":42}}]},"2":{"type":"branch","line":44,"loc":{"start":{"line":44,"column":14},"end":{"line":45,"column":62}},"locations":[{"start":{"line":44,"column":14},"end":{"line":45,"column":62}}]},"3":{"type":"branch","line":17,"loc":{"start":{"line":17,"column":25},"end":{"line":19,"column":4}},"locations":[{"start":{"line":17,"column":25},"end":{"line":19,"column":4}}]},"4":{"type":"branch","line":21,"loc":{"start":{"line":21,"column":28},"end":{"line":34,"column":4}},"locations":[{"start":{"line":21,"column":28},"end":{"line":34,"column":4}}]},"5":{"type":"branch","line":23,"loc":{"start":{"line":23,"column":32},"end":{"line":30,"column":11}},"locations":[{"start":{"line":23,"column":32},"end":{"line":30,"column":11}}]},"6":{"type":"branch","line":30,"loc":{"start":{"line":30,"column":4},"end":{"line":33,"column":30}},"locations":[{"start":{"line":30,"column":4},"end":{"line":33,"column":30}}]},"7":{"type":"branch","line":50,"loc":{"start":{"line":50,"column":19},"end":{"line":68,"column":7}},"locations":[{"start":{"line":50,"column":19},"end":{"line":68,"column":7}}]},"8":{"type":"branch","line":59,"loc":{"start":{"line":59,"column":14},"end":{"line":60,"column":46}},"locations":[{"start":{"line":59,"column":14},"end":{"line":60,"column":46}}]},"9":{"type":"branch","line":60,"loc":{"start":{"line":60,"column":18},"end":{"line":61,"column":66}},"locations":[{"start":{"line":60,"column":18},"end":{"line":61,"column":66}}]},"10":{"type":"branch","line":56,"loc":{"start":{"line":56,"column":21},"end":{"line":56,"column":58}},"locations":[{"start":{"line":56,"column":21},"end":{"line":56,"column":58}}]}},"b":{"0":[10],"1":[4],"2":[6],"3":[1],"4":[3],"5":[1],"6":[2],"7":[30],"8":[6],"9":[24],"10":[3]},"fnMap":{"0":{"name":"FilterPanel","decl":{"start":{"line":10,"column":55},"end":{"line":71,"column":2}},"loc":{"start":{"line":10,"column":55},"end":{"line":71,"column":2}},"line":10},"1":{"name":"handleAllClick","decl":{"start":{"line":17,"column":25},"end":{"line":19,"column":4}},"loc":{"start":{"line":17,"column":25},"end":{"line":19,"column":4}},"line":17},"2":{"name":"handleSourceClick","decl":{"start":{"line":21,"column":28},"end":{"line":34,"column":4}},"loc":{"start":{"line":21,"column":28},"end":{"line":34,"column":4}},"line":21},"3":{"name":"onClick","decl":{"start":{"line":56,"column":21},"end":{"line":56,"column":58}},"loc":{"start":{"line":56,"column":21},"end":{"line":56,"column":58}},"line":56}},"f":{"0":10,"1":1,"2":3,"3":3}}
,"C:\\Users\\MWA4SE\\Documents\\opensource\\course\\tools\\daily-quote\\src\\components\\QuoteDisplay.tsx": {"path":"C:\\Users\\MWA4SE\\Documents\\opensource\\course\\tools\\daily-quote\\src\\components\\QuoteDisplay.tsx","all":false,"statementMap":{"0":{"start":{"line":1,"column":0},"end":{"line":1,"column":26}},"8":{"start":{"line":9,"column":0},"end":{"line":9,"column":79}},"9":{"start":{"line":10,"column":0},"end":{"line":10,"column":15}},"10":{"start":{"line":11,"column":0},"end":{"line":11,"column":16}},"11":{"start":{"line":12,"column":0},"end":{"line":12,"column":3}},"13":{"start":{"line":14,"column":0},"end":{"line":14,"column":10}},"14":{"start":{"line":15,"column":0},"end":{"line":15,"column":8}},"15":{"start":{"line":16,"column":0},"end":{"line":16,"column":64}},"16":{"start":{"line":17,"column":0},"end":{"line":17,"column":49}},"17":{"start":{"line":18,"column":0},"end":{"line":18,"column":9}},"18":{"start":{"line":19,"column":0},"end":{"line":19,"column":77}},"21":{"start":{"line":22,"column":0},"end":{"line":22,"column":11}},"22":{"start":{"line":23,"column":0},"end":{"line":23,"column":26}},"23":{"start":{"line":24,"column":0},"end":{"line":24,"column":69}},"24":{"start":{"line":25,"column":0},"end":{"line":25,"column":7}},"26":{"start":{"line":27,"column":0},"end":{"line":27,"column":13}},"29":{"start":{"line":30,"column":0},"end":{"line":30,"column":74}},"30":{"start":{"line":31,"column":0},"end":{"line":31,"column":23}},"31":{"start":{"line":32,"column":0},"end":{"line":32,"column":10}},"34":{"start":{"line":35,"column":0},"end":{"line":35,"column":11}},"35":{"start":{"line":36,"column":0},"end":{"line":36,"column":26}},"36":{"start":{"line":37,"column":0},"end":{"line":37,"column":69}},"37":{"start":{"line":38,"column":0},"end":{"line":38,"column":7}},"39":{"start":{"line":40,"column":0},"end":{"line":40,"column":13}},"42":{"start":{"line":43,"column":0},"end":{"line":43,"column":49}},"43":{"start":{"line":44,"column":0},"end":{"line":44,"column":31}},"44":{"start":{"line":45,"column":0},"end":{"line":45,"column":10}},"47":{"start":{"line":48,"column":0},"end":{"line":48,"column":25}},"48":{"start":{"line":49,"column":0},"end":{"line":49,"column":51}},"49":{"start":{"line":50,"column":0},"end":{"line":50,"column":25}},"50":{"start":{"line":51,"column":0},"end":{"line":51,"column":12}},"54":{"start":{"line":55,"column":0},"end":{"line":55,"column":23}},"55":{"start":{"line":56,"column":0},"end":{"line":56,"column":58}},"56":{"start":{"line":57,"column":0},"end":{"line":57,"column":23}},"57":{"start":{"line":58,"column":0},"end":{"line":58,"column":12}},"59":{"start":{"line":60,"column":0},"end":{"line":60,"column":10}},"61":{"start":{"line":62,"column":0},"end":{"line":62,"column":2}},"63":{"start":{"line":64,"column":0},"end":{"line":64,"column":28}}},"s":{"0":1,"8":1,"9":9,"10":1,"11":1,"13":8,"14":8,"15":8,"16":9,"17":9,"18":9,"21":9,"22":9,"23":9,"24":9,"26":9,"29":9,"30":9,"31":9,"34":9,"35":9,"36":9,"37":9,"39":9,"42":9,"43":9,"44":9,"47":9,"48":6,"49":6,"50":6,"54":9,"55":6,"56":6,"57":6,"59":9,"61":9,"63":1},"branchMap":{"0":{"type":"branch","line":9,"loc":{"start":{"line":9,"column":50},"end":{"line":62,"column":2}},"locations":[{"start":{"line":9,"column":50},"end":{"line":62,"column":2}}]},"1":{"type":"branch","line":10,"loc":{"start":{"line":10,"column":14},"end":{"line":12,"column":3}},"locations":[{"start":{"line":10,"column":14},"end":{"line":12,"column":3}}]},"2":{"type":"branch","line":12,"loc":{"start":{"line":12,"column":2},"end":{"line":17,"column":22}},"locations":[{"start":{"line":12,"column":2},"end":{"line":17,"column":22}}]},"3":{"type":"branch","line":17,"loc":{"start":{"line":17,"column":8},"end":{"line":17,"column":36}},"locations":[{"start":{"line":17,"column":8},"end":{"line":17,"column":36}}]},"4":{"type":"branch","line":17,"loc":{"start":{"line":17,"column":22},"end":{"line":17,"column":49}},"locations":[{"start":{"line":17,"column":22},"end":{"line":17,"column":49}}]},"5":{"type":"branch","line":48,"loc":{"start":{"line":48,"column":13},"end":{"line":51,"column":12}},"locations":[{"start":{"line":48,"column":13},"end":{"line":51,"column":12}}]},"6":{"type":"branch","line":55,"loc":{"start":{"line":55,"column":13},"end":{"line":58,"column":12}},"locations":[{"start":{"line":55,"column":13},"end":{"line":58,"column":12}}]}},"b":{"0":[9],"1":[1],"2":[8],"3":[1],"4":[7],"5":[6],"6":[6]},"fnMap":{"0":{"name":"QuoteDisplay","decl":{"start":{"line":9,"column":50},"end":{"line":62,"column":2}},"loc":{"start":{"line":9,"column":50},"end":{"line":62,"column":2}},"line":9}},"f":{"0":9}}
,"C:\\Users\\MWA4SE\\Documents\\opensource\\course\\tools\\daily-quote\\src\\components\\RefreshButton.tsx": {"path":"C:\\Users\\MWA4SE\\Documents\\opensource\\course\\tools\\daily-quote\\src\\components\\RefreshButton.tsx","all":false,"statementMap":{"0":{"start":{"line":1,"column":0},"end":{"line":1,"column":30}},"5":{"start":{"line":6,"column":0},"end":{"line":6,"column":82}},"6":{"start":{"line":7,"column":0},"end":{"line":7,"column":10}},"7":{"start":{"line":8,"column":0},"end":{"line":8,"column":54}},"8":{"start":{"line":9,"column":0},"end":{"line":9,"column":13}},"9":{"start":{"line":10,"column":0},"end":{"line":10,"column":27}},"10":{"start":{"line":11,"column":0},"end":{"line":11,"column":27}},"11":{"start":{"line":12,"column":0},"end":{"line":12,"column":178}},"12":{"start":{"line":13,"column":0},"end":{"line":13,"column":18}},"13":{"start":{"line":14,"column":0},"end":{"line":14,"column":60}},"14":{"start":{"line":15,"column":0},"end":{"line":15,"column":78}},"15":{"start":{"line":16,"column":0},"end":{"line":16,"column":11}},"16":{"start":{"line":17,"column":0},"end":{"line":17,"column":7}},"18":{"start":{"line":19,"column":0},"end":{"line":19,"column":15}},"19":{"start":{"line":20,"column":0},"end":{"line":20,"column":20}},"20":{"start":{"line":21,"column":0},"end":{"line":21,"column":61}},"22":{"start":{"line":23,"column":0},"end":{"line":23,"column":10}},"24":{"start":{"line":25,"column":0},"end":{"line":25,"column":2}},"26":{"start":{"line":27,"column":0},"end":{"line":27,"column":29}}},"s":{"0":1,"5":1,"6":7,"7":7,"8":7,"9":7,"10":7,"11":7,"12":7,"13":3,"14":4,"15":7,"16":7,"18":7,"19":7,"20":3,"22":7,"24":7,"26":1},"branchMap":{"0":{"type":"branch","line":6,"loc":{"start":{"line":6,"column":52},"end":{"line":25,"column":2}},"locations":[{"start":{"line":6,"column":52},"end":{"line":25,"column":2}}]},"1":{"type":"branch","line":13,"loc":{"start":{"line":13,"column":10},"end":{"line":14,"column":60}},"locations":[{"start":{"line":13,"column":10},"end":{"line":14,"column":60}}]},"2":{"type":"branch","line":14,"loc":{"start":{"line":14,"column":14},"end":{"line":15,"column":78}},"locations":[{"start":{"line":14,"column":14},"end":{"line":15,"column":78}}]},"3":{"type":"branch","line":20,"loc":{"start":{"line":20,"column":7},"end":{"line":21,"column":61}},"locations":[{"start":{"line":20,"column":7},"end":{"line":21,"column":61}}]}},"b":{"0":[7],"1":[3],"2":[4],"3":[3]},"fnMap":{"0":{"name":"RefreshButton","decl":{"start":{"line":6,"column":52},"end":{"line":25,"column":2}},"loc":{"start":{"line":6,"column":52},"end":{"line":25,"column":2}},"line":6}},"f":{"0":7}}
,"C:\\Users\\MWA4SE\\Documents\\opensource\\course\\tools\\daily-quote\\src\\hooks\\useCopyToClipboard.ts": {"path":"C:\\Users\\MWA4SE\\Documents\\opensource\\course\\tools\\daily-quote\\src\\hooks\\useCopyToClipboard.ts","all":false,"statementMap":{"0":{"start":{"line":1,"column":0},"end":{"line":1,"column":65}},"18":{"start":{"line":19,"column":0},"end":{"line":19,"column":64}},"19":{"start":{"line":20,"column":0},"end":{"line":20,"column":59}},"20":{"start":{"line":21,"column":0},"end":{"line":21,"column":55}},"21":{"start":{"line":22,"column":0},"end":{"line":22,"column":70}},"24":{"start":{"line":25,"column":0},"end":{"line":25,"column":19}},"25":{"start":{"line":26,"column":0},"end":{"line":26,"column":67}},"26":{"start":{"line":27,"column":0},"end":{"line":27,"column":28}},"27":{"start":{"line":28,"column":0},"end":{"line":28,"column":31}},"28":{"start":{"line":29,"column":0},"end":{"line":29,"column":5}},"29":{"start":{"line":30,"column":0},"end":{"line":30,"column":9}},"32":{"start":{"line":33,"column":0},"end":{"line":33,"column":19}},"33":{"start":{"line":34,"column":0},"end":{"line":34,"column":18}},"34":{"start":{"line":35,"column":0},"end":{"line":35,"column":38}},"35":{"start":{"line":36,"column":0},"end":{"line":36,"column":39}},"36":{"start":{"line":37,"column":0},"end":{"line":37,"column":7}},"37":{"start":{"line":38,"column":0},"end":{"line":38,"column":6}},"38":{"start":{"line":39,"column":0},"end":{"line":39,"column":9}},"40":{"start":{"line":41,"column":0},"end":{"line":41,"column":67}},"41":{"start":{"line":42,"column":0},"end":{"line":42,"column":23}},"42":{"start":{"line":43,"column":0},"end":{"line":43,"column":13}},"43":{"start":{"line":44,"column":0},"end":{"line":44,"column":5}},"46":{"start":{"line":47,"column":0},"end":{"line":47,"column":36}},"47":{"start":{"line":48,"column":0},"end":{"line":48,"column":37}},"48":{"start":{"line":49,"column":0},"end":{"line":49,"column":30}},"49":{"start":{"line":50,"column":0},"end":{"line":50,"column":5}},"51":{"start":{"line":52,"column":0},"end":{"line":52,"column":9}},"52":{"start":{"line":53,"column":0},"end":{"line":53,"column":45}},"53":{"start":{"line":54,"column":0},"end":{"line":54,"column":48}},"54":{"start":{"line":55,"column":0},"end":{"line":55,"column":27}},"57":{"start":{"line":58,"column":0},"end":{"line":58,"column":43}},"58":{"start":{"line":59,"column":0},"end":{"line":59,"column":26}},"59":{"start":{"line":60,"column":0},"end":{"line":60,"column":32}},"60":{"start":{"line":61,"column":0},"end":{"line":61,"column":15}},"61":{"start":{"line":62,"column":0},"end":{"line":62,"column":13}},"62":{"start":{"line":63,"column":0},"end":{"line":63,"column":25}},"65":{"start":{"line":66,"column":0},"end":{"line":66,"column":43}},"66":{"start":{"line":67,"column":0},"end":{"line":67,"column":26}},"67":{"start":{"line":68,"column":0},"end":{"line":68,"column":32}},"68":{"start":{"line":69,"column":0},"end":{"line":69,"column":15}},"69":{"start":{"line":70,"column":0},"end":{"line":70,"column":5}},"70":{"start":{"line":71,"column":0},"end":{"line":71,"column":20}},"72":{"start":{"line":73,"column":0},"end":{"line":73,"column":39}},"73":{"start":{"line":74,"column":0},"end":{"line":74,"column":1}}},"s":{"0":1,"18":1,"19":16,"20":16,"21":16,"24":16,"25":6,"26":2,"27":2,"28":2,"29":16,"32":16,"33":6,"34":6,"35":1,"36":1,"37":6,"38":16,"40":16,"41":6,"42":1,"43":1,"46":6,"47":1,"48":1,"49":1,"51":5,"52":5,"53":5,"54":3,"57":3,"58":2,"59":2,"60":3,"61":6,"62":2,"65":2,"66":1,"67":1,"68":2,"69":2,"70":16,"72":16,"73":16},"branchMap":{"0":{"type":"branch","line":19,"loc":{"start":{"line":19,"column":7},"end":{"line":74,"column":1}},"locations":[{"start":{"line":19,"column":7},"end":{"line":74,"column":1}}]},"1":{"type":"branch","line":25,"loc":{"start":{"line":25,"column":12},"end":{"line":30,"column":5}},"locations":[{"start":{"line":25,"column":12},"end":{"line":30,"column":5}}]},"2":{"type":"branch","line":26,"loc":{"start":{"line":26,"column":66},"end":{"line":29,"column":5}},"locations":[{"start":{"line":26,"column":66},"end":{"line":29,"column":5}}]},"3":{"type":"branch","line":33,"loc":{"start":{"line":33,"column":12},"end":{"line":39,"column":5}},"locations":[{"start":{"line":33,"column":12},"end":{"line":39,"column":5}}]},"4":{"type":"branch","line":34,"loc":{"start":{"line":34,"column":11},"end":{"line":38,"column":6}},"locations":[{"start":{"line":34,"column":11},"end":{"line":38,"column":6}}]},"5":{"type":"branch","line":35,"loc":{"start":{"line":35,"column":37},"end":{"line":37,"column":7}},"locations":[{"start":{"line":35,"column":37},"end":{"line":37,"column":7}}]},"6":{"type":"branch","line":41,"loc":{"start":{"line":41,"column":27},"end":{"line":71,"column":5}},"locations":[{"start":{"line":41,"column":27},"end":{"line":71,"column":5}}]},"7":{"type":"branch","line":42,"loc":{"start":{"line":42,"column":22},"end":{"line":44,"column":5}},"locations":[{"start":{"line":42,"column":22},"end":{"line":44,"column":5}}]},"8":{"type":"branch","line":44,"loc":{"start":{"line":44,"column":4},"end":{"line":47,"column":35}},"locations":[{"start":{"line":44,"column":4},"end":{"line":47,"column":35}}]},"9":{"type":"branch","line":47,"loc":{"start":{"line":47,"column":35},"end":{"line":50,"column":5}},"locations":[{"start":{"line":47,"column":35},"end":{"line":50,"column":5}}]},"10":{"type":"branch","line":50,"loc":{"start":{"line":50,"column":4},"end":{"line":54,"column":48}},"locations":[{"start":{"line":50,"column":4},"end":{"line":54,"column":48}}]},"11":{"type":"branch","line":54,"loc":{"start":{"line":54,"column":46},"end":{"line":62,"column":12}},"locations":[{"start":{"line":54,"column":46},"end":{"line":62,"column":12}}]},"12":{"type":"branch","line":62,"loc":{"start":{"line":62,"column":4},"end":{"line":70,"column":5}},"locations":[{"start":{"line":62,"column":4},"end":{"line":70,"column":5}}]},"13":{"type":"branch","line":58,"loc":{"start":{"line":58,"column":36},"end":{"line":61,"column":9}},"locations":[{"start":{"line":58,"column":36},"end":{"line":61,"column":9}}]},"14":{"type":"branch","line":66,"loc":{"start":{"line":66,"column":36},"end":{"line":69,"column":9}},"locations":[{"start":{"line":66,"column":36},"end":{"line":69,"column":9}}]}},"b":{"0":[16],"1":[6],"2":[2],"3":[6],"4":[6],"5":[1],"6":[6],"7":[1],"8":[5],"9":[1],"10":[5],"11":[3],"12":[2],"13":[2],"14":[1]},"fnMap":{"0":{"name":"useCopyToClipboard","decl":{"start":{"line":19,"column":7},"end":{"line":74,"column":1}},"loc":{"start":{"line":19,"column":7},"end":{"line":74,"column":1}},"line":19}},"f":{"0":16}}
,"C:\\Users\\MWA4SE\\Documents\\opensource\\course\\tools\\daily-quote\\src\\hooks\\useQuotes.ts": {"path":"C:\\Users\\MWA4SE\\Documents\\opensource\\course\\tools\\daily-quote\\src\\hooks\\useQuotes.ts","all":false,"statementMap":{"0":{"start":{"line":1,"column":0},"end":{"line":1,"column":53}},"4":{"start":{"line":5,"column":0},"end":{"line":5,"column":49}},"15":{"start":{"line":16,"column":0},"end":{"line":16,"column":46}},"16":{"start":{"line":17,"column":0},"end":{"line":17,"column":81}},"17":{"start":{"line":18,"column":0},"end":{"line":18,"column":51}},"19":{"start":{"line":20,"column":0},"end":{"line":20,"column":19}},"20":{"start":{"line":21,"column":0},"end":{"line":21,"column":24}},"21":{"start":{"line":22,"column":0},"end":{"line":22,"column":9}},"23":{"start":{"line":24,"column":0},"end":{"line":24,"column":49}},"24":{"start":{"line":25,"column":0},"end":{"line":25,"column":37}},"25":{"start":{"line":26,"column":0},"end":{"line":26,"column":23}},"26":{"start":{"line":27,"column":0},"end":{"line":27,"column":5}},"27":{"start":{"line":28,"column":0},"end":{"line":28,"column":70}},"28":{"start":{"line":29,"column":0},"end":{"line":29,"column":24}},"30":{"start":{"line":31,"column":0},"end":{"line":31,"column":51}},"31":{"start":{"line":32,"column":0},"end":{"line":32,"column":47}},"32":{"start":{"line":33,"column":0},"end":{"line":33,"column":32}},"33":{"start":{"line":34,"column":0},"end":{"line":34,"column":72}},"34":{"start":{"line":35,"column":0},"end":{"line":35,"column":5}},"35":{"start":{"line":36,"column":0},"end":{"line":36,"column":84}},"36":{"start":{"line":37,"column":0},"end":{"line":37,"column":9}},"38":{"start":{"line":39,"column":0},"end":{"line":39,"column":10}},"39":{"start":{"line":40,"column":0},"end":{"line":40,"column":14}},"40":{"start":{"line":41,"column":0},"end":{"line":41,"column":19}},"41":{"start":{"line":42,"column":0},"end":{"line":42,"column":12}},"42":{"start":{"line":43,"column":0},"end":{"line":43,"column":20}},"43":{"start":{"line":44,"column":0},"end":{"line":44,"column":23}},"44":{"start":{"line":45,"column":0},"end":{"line":45,"column":14}},"45":{"start":{"line":46,"column":0},"end":{"line":46,"column":4}},"46":{"start":{"line":47,"column":0},"end":{"line":47,"column":1}}},"s":{"0":1,"4":1,"15":1,"16":19,"17":19,"19":19,"20":7,"21":19,"23":19,"24":12,"25":8,"26":8,"27":4,"28":19,"30":19,"31":7,"32":7,"33":28,"34":28,"35":7,"36":19,"38":19,"39":19,"40":19,"41":19,"42":19,"43":19,"44":19,"45":19,"46":19},"branchMap":{"0":{"type":"branch","line":16,"loc":{"start":{"line":16,"column":7},"end":{"line":47,"column":1}},"locations":[{"start":{"line":16,"column":7},"end":{"line":47,"column":1}}]},"1":{"type":"branch","line":20,"loc":{"start":{"line":20,"column":12},"end":{"line":22,"column":5}},"locations":[{"start":{"line":20,"column":12},"end":{"line":22,"column":5}}]},"2":{"type":"branch","line":24,"loc":{"start":{"line":24,"column":42},"end":{"line":29,"column":5}},"locations":[{"start":{"line":24,"column":42},"end":{"line":29,"column":5}}]},"3":{"type":"branch","line":25,"loc":{"start":{"line":25,"column":36},"end":{"line":27,"column":5}},"locations":[{"start":{"line":25,"column":36},"end":{"line":27,"column":5}}]},"4":{"type":"branch","line":27,"loc":{"start":{"line":27,"column":4},"end":{"line":28,"column":70}},"locations":[{"start":{"line":27,"column":4},"end":{"line":28,"column":70}}]},"5":{"type":"branch","line":28,"loc":{"start":{"line":28,"column":28},"end":{"line":28,"column":68}},"locations":[{"start":{"line":28,"column":28},"end":{"line":28,"column":68}}]},"6":{"type":"branch","line":31,"loc":{"start":{"line":31,"column":44},"end":{"line":37,"column":5}},"locations":[{"start":{"line":31,"column":44},"end":{"line":37,"column":5}}]},"7":{"type":"branch","line":33,"loc":{"start":{"line":33,"column":31},"end":{"line":35,"column":5}},"locations":[{"start":{"line":33,"column":31},"end":{"line":35,"column":5}}]},"8":{"type":"branch","line":34,"loc":{"start":{"line":34,"column":59},"end":{"line":34,"column":69}},"locations":[{"start":{"line":34,"column":59},"end":{"line":34,"column":69}}]},"9":{"type":"branch","line":36,"loc":{"start":{"line":36,"column":46},"end":{"line":36,"column":82}},"locations":[{"start":{"line":36,"column":46},"end":{"line":36,"column":82}}]}},"b":{"0":[19],"1":[7],"2":[12],"3":[8],"4":[4],"5":[16],"6":[7],"7":[28],"8":[21],"9":[21]},"fnMap":{"0":{"name":"useQuotes","decl":{"start":{"line":16,"column":7},"end":{"line":47,"column":1}},"loc":{"start":{"line":16,"column":7},"end":{"line":47,"column":1}},"line":16}},"f":{"0":19}}
,"C:\\Users\\MWA4SE\\Documents\\opensource\\course\\tools\\daily-quote\\src\\hooks\\useRandomQuote.ts": {"path":"C:\\Users\\MWA4SE\\Documents\\opensource\\course\\tools\\daily-quote\\src\\hooks\\useRandomQuote.ts","all":false,"statementMap":{"0":{"start":{"line":1,"column":0},"end":{"line":1,"column":65}},"14":{"start":{"line":15,"column":0},"end":{"line":15,"column":69}},"15":{"start":{"line":16,"column":0},"end":{"line":16,"column":71}},"16":{"start":{"line":17,"column":0},"end":{"line":17,"column":56}},"17":{"start":{"line":18,"column":0},"end":{"line":18,"column":79}},"19":{"start":{"line":20,"column":0},"end":{"line":20,"column":38}},"24":{"start":{"line":25,"column":0},"end":{"line":25,"column":73}},"25":{"start":{"line":26,"column":0},"end":{"line":26,"column":45}},"26":{"start":{"line":27,"column":0},"end":{"line":27,"column":64}},"27":{"start":{"line":28,"column":0},"end":{"line":28,"column":29}},"28":{"start":{"line":29,"column":0},"end":{"line":29,"column":9}},"33":{"start":{"line":34,"column":0},"end":{"line":34,"column":46}},"35":{"start":{"line":36,"column":0},"end":{"line":36,"column":45}},"36":{"start":{"line":37,"column":0},"end":{"line":37,"column":46}},"37":{"start":{"line":38,"column":0},"end":{"line":38,"column":5}},"38":{"start":{"line":39,"column":0},"end":{"line":39,"column":25}},"39":{"start":{"line":40,"column":0},"end":{"line":40,"column":50}},"40":{"start":{"line":41,"column":0},"end":{"line":41,"column":28}},"41":{"start":{"line":42,"column":0},"end":{"line":42,"column":39}},"42":{"start":{"line":43,"column":0},"end":{"line":43,"column":12}},"43":{"start":{"line":44,"column":0},"end":{"line":44,"column":9}},"48":{"start":{"line":49,"column":0},"end":{"line":49,"column":19}},"49":{"start":{"line":50,"column":0},"end":{"line":50,"column":36}},"50":{"start":{"line":51,"column":0},"end":{"line":51,"column":28}},"51":{"start":{"line":52,"column":0},"end":{"line":52,"column":26}},"52":{"start":{"line":53,"column":0},"end":{"line":53,"column":25}},"53":{"start":{"line":54,"column":0},"end":{"line":54,"column":12}},"54":{"start":{"line":55,"column":0},"end":{"line":55,"column":28}},"55":{"start":{"line":56,"column":0},"end":{"line":56,"column":5}},"56":{"start":{"line":57,"column":0},"end":{"line":57,"column":43}},"61":{"start":{"line":62,"column":0},"end":{"line":62,"column":39}},"62":{"start":{"line":63,"column":0},"end":{"line":63,"column":28}},"63":{"start":{"line":64,"column":0},"end":{"line":64,"column":35}},"64":{"start":{"line":65,"column":0},"end":{"line":65,"column":52}},"65":{"start":{"line":66,"column":0},"end":{"line":66,"column":13}},"66":{"start":{"line":67,"column":0},"end":{"line":67,"column":42}},"67":{"start":{"line":68,"column":0},"end":{"line":68,"column":17}},"68":{"start":{"line":69,"column":0},"end":{"line":69,"column":30}},"69":{"start":{"line":70,"column":0},"end":{"line":70,"column":25}},"70":{"start":{"line":71,"column":0},"end":{"line":71,"column":5}},"71":{"start":{"line":72,"column":0},"end":{"line":72,"column":69}},"74":{"start":{"line":75,"column":0},"end":{"line":75,"column":19}},"75":{"start":{"line":76,"column":0},"end":{"line":76,"column":18}},"76":{"start":{"line":77,"column":0},"end":{"line":77,"column":47}},"77":{"start":{"line":78,"column":0},"end":{"line":78,"column":48}},"78":{"start":{"line":79,"column":0},"end":{"line":79,"column":7}},"79":{"start":{"line":80,"column":0},"end":{"line":80,"column":6}},"80":{"start":{"line":81,"column":0},"end":{"line":81,"column":9}},"82":{"start":{"line":83,"column":0},"end":{"line":83,"column":10}},"83":{"start":{"line":84,"column":0},"end":{"line":84,"column":17}},"84":{"start":{"line":85,"column":0},"end":{"line":85,"column":14}},"85":{"start":{"line":86,"column":0},"end":{"line":86,"column":16}},"86":{"start":{"line":87,"column":0},"end":{"line":87,"column":15}},"87":{"start":{"line":88,"column":0},"end":{"line":88,"column":4}},"88":{"start":{"line":89,"column":0},"end":{"line":89,"column":1}}},"s":{"0":1,"14":1,"15":524,"16":524,"17":524,"19":524,"24":524,"25":312,"26":310,"27":310,"28":524,"33":524,"35":310,"36":102,"37":102,"38":310,"39":310,"40":3,"41":3,"42":310,"43":524,"48":524,"49":210,"50":210,"51":210,"52":208,"53":210,"54":2,"55":2,"56":524,"61":524,"62":103,"63":102,"64":102,"65":0,"66":103,"67":103,"68":102,"69":102,"70":102,"71":524,"74":524,"75":208,"76":208,"77":205,"78":205,"79":208,"80":524,"82":524,"83":524,"84":524,"85":524,"86":524,"87":524,"88":524},"branchMap":{"0":{"type":"branch","line":15,"loc":{"start":{"line":15,"column":7},"end":{"line":89,"column":1}},"locations":[{"start":{"line":15,"column":7},"end":{"line":89,"column":1}}]},"1":{"type":"branch","line":25,"loc":{"start":{"line":25,"column":33},"end":{"line":29,"column":5}},"locations":[{"start":{"line":25,"column":33},"end":{"line":29,"column":5}}]},"2":{"type":"branch","line":26,"loc":{"start":{"line":26,"column":33},"end":{"line":26,"column":45}},"locations":[{"start":{"line":26,"column":33},"end":{"line":26,"column":45}}]},"3":{"type":"branch","line":26,"loc":{"start":{"line":26,"column":40},"end":{"line":28,"column":29}},"locations":[{"start":{"line":26,"column":40},"end":{"line":28,"column":29}}]},"4":{"type":"branch","line":34,"loc":{"start":{"line":34,"column":39},"end":{"line":44,"column":5}},"locations":[{"start":{"line":34,"column":39},"end":{"line":44,"column":5}}]},"5":{"type":"branch","line":36,"loc":{"start":{"line":36,"column":44},"end":{"line":38,"column":5}},"locations":[{"start":{"line":36,"column":44},"end":{"line":38,"column":5}}]},"6":{"type":"branch","line":40,"loc":{"start":{"line":40,"column":43},"end":{"line":43,"column":7}},"locations":[{"start":{"line":40,"column":43},"end":{"line":43,"column":7}}]},"7":{"type":"branch","line":49,"loc":{"start":{"line":49,"column":12},"end":{"line":57,"column":5}},"locations":[{"start":{"line":49,"column":12},"end":{"line":57,"column":5}}]},"8":{"type":"branch","line":52,"loc":{"start":{"line":52,"column":25},"end":{"line":54,"column":11}},"locations":[{"start":{"line":52,"column":25},"end":{"line":54,"column":11}}]},"9":{"type":"branch","line":54,"loc":{"start":{"line":54,"column":4},"end":{"line":56,"column":5}},"locations":[{"start":{"line":54,"column":4},"end":{"line":56,"column":5}}]},"10":{"type":"branch","line":62,"loc":{"start":{"line":62,"column":32},"end":{"line":72,"column":5}},"locations":[{"start":{"line":62,"column":32},"end":{"line":72,"column":5}}]},"11":{"type":"branch","line":63,"loc":{"start":{"line":63,"column":21},"end":{"line":63,"column":28}},"locations":[{"start":{"line":63,"column":21},"end":{"line":63,"column":28}}]},"12":{"type":"branch","line":63,"loc":{"start":{"line":63,"column":21},"end":{"line":65,"column":52}},"locations":[{"start":{"line":63,"column":21},"end":{"line":65,"column":52}}]},"13":{"type":"branch","line":65,"loc":{"start":{"line":65,"column":51},"end":{"line":66,"column":13}},"locations":[{"start":{"line":65,"column":51},"end":{"line":66,"column":13}}]},"14":{"type":"branch","line":68,"loc":{"start":{"line":68,"column":16},"end":{"line":71,"column":5}},"locations":[{"start":{"line":68,"column":16},"end":{"line":71,"column":5}}]},"15":{"type":"branch","line":65,"loc":{"start":{"line":65,"column":20},"end":{"line":65,"column":51}},"locations":[{"start":{"line":65,"column":20},"end":{"line":65,"column":51}}]},"16":{"type":"branch","line":75,"loc":{"start":{"line":75,"column":12},"end":{"line":81,"column":5}},"locations":[{"start":{"line":75,"column":12},"end":{"line":81,"column":5}}]},"17":{"type":"branch","line":76,"loc":{"start":{"line":76,"column":11},"end":{"line":80,"column":6}},"locations":[{"start":{"line":76,"column":11},"end":{"line":80,"column":6}}]},"18":{"type":"branch","line":77,"loc":{"start":{"line":77,"column":46},"end":{"line":79,"column":7}},"locations":[{"start":{"line":77,"column":46},"end":{"line":79,"column":7}}]}},"b":{"0":[524],"1":[312],"2":[2],"3":[310],"4":[310],"5":[102],"6":[3],"7":[210],"8":[208],"9":[2],"10":[103],"11":[1],"12":[102],"13":[0],"14":[102],"15":[604],"16":[208],"17":[208],"18":[205]},"fnMap":{"0":{"name":"useRandomQuote","decl":{"start":{"line":15,"column":7},"end":{"line":89,"column":1}},"loc":{"start":{"line":15,"column":7},"end":{"line":89,"column":1}},"line":15}},"f":{"0":524}}
,"C:\\Users\\MWA4SE\\Documents\\opensource\\course\\tools\\daily-quote\\src\\lib\\format-quote.ts": {"path":"C:\\Users\\MWA4SE\\Documents\\opensource\\course\\tools\\daily-quote\\src\\lib\\format-quote.ts","all":false,"statementMap":{"7":{"start":{"line":8,"column":0},"end":{"line":8,"column":58}},"8":{"start":{"line":9,"column":0},"end":{"line":9,"column":54}},"9":{"start":{"line":10,"column":0},"end":{"line":10,"column":1}}},"s":{"7":1,"8":111,"9":111},"branchMap":{"0":{"type":"branch","line":8,"loc":{"start":{"line":8,"column":7},"end":{"line":10,"column":1}},"locations":[{"start":{"line":8,"column":7},"end":{"line":10,"column":1}}]}},"b":{"0":[111]},"fnMap":{"0":{"name":"formatQuoteForCopy","decl":{"start":{"line":8,"column":7},"end":{"line":10,"column":1}},"loc":{"start":{"line":8,"column":7},"end":{"line":10,"column":1}},"line":8}},"f":{"0":111}}
,"C:\\Users\\MWA4SE\\Documents\\opensource\\course\\tools\\daily-quote\\src\\lib\\quote-parser.ts": {"path":"C:\\Users\\MWA4SE\\Documents\\opensource\\course\\tools\\daily-quote\\src\\lib\\quote-parser.ts","all":false,"statementMap":{"0":{"start":{"line":1,"column":0},"end":{"line":1,"column":36}},"6":{"start":{"line":7,"column":0},"end":{"line":7,"column":63}},"9":{"start":{"line":10,"column":0},"end":{"line":10,"column":76}},"12":{"start":{"line":13,"column":0},"end":{"line":13,"column":68}},"15":{"start":{"line":16,"column":0},"end":{"line":16,"column":67}},"24":{"start":{"line":25,"column":0},"end":{"line":25,"column":82}},"25":{"start":{"line":26,"column":0},"end":{"line":26,"column":49}},"26":{"start":{"line":27,"column":0},"end":{"line":27,"column":15}},"27":{"start":{"line":28,"column":0},"end":{"line":28,"column":62}},"28":{"start":{"line":29,"column":0},"end":{"line":29,"column":14}},"29":{"start":{"line":30,"column":0},"end":{"line":30,"column":3}},"31":{"start":{"line":32,"column":0},"end":{"line":32,"column":42}},"32":{"start":{"line":33,"column":0},"end":{"line":33,"column":29}},"34":{"start":{"line":35,"column":0},"end":{"line":35,"column":31}},"35":{"start":{"line":36,"column":0},"end":{"line":36,"column":35}},"36":{"start":{"line":37,"column":0},"end":{"line":37,"column":64}},"37":{"start":{"line":38,"column":0},"end":{"line":38,"column":18}},"38":{"start":{"line":39,"column":0},"end":{"line":39,"column":27}},"39":{"start":{"line":40,"column":0},"end":{"line":40,"column":7}},"40":{"start":{"line":41,"column":0},"end":{"line":41,"column":5}},"41":{"start":{"line":42,"column":0},"end":{"line":42,"column":3}},"43":{"start":{"line":44,"column":0},"end":{"line":44,"column":16}},"44":{"start":{"line":45,"column":0},"end":{"line":45,"column":1}},"50":{"start":{"line":51,"column":0},"end":{"line":51,"column":73}},"51":{"start":{"line":52,"column":0},"end":{"line":52,"column":72}},"52":{"start":{"line":53,"column":0},"end":{"line":53,"column":26}},"53":{"start":{"line":54,"column":0},"end":{"line":54,"column":16}},"54":{"start":{"line":55,"column":0},"end":{"line":55,"column":3}},"56":{"start":{"line":57,"column":0},"end":{"line":57,"column":42}},"58":{"start":{"line":59,"column":0},"end":{"line":59,"column":59}},"59":{"start":{"line":60,"column":0},"end":{"line":60,"column":20}},"60":{"start":{"line":61,"column":0},"end":{"line":61,"column":16}},"61":{"start":{"line":62,"column":0},"end":{"line":62,"column":3}},"63":{"start":{"line":64,"column":0},"end":{"line":64,"column":35}},"65":{"start":{"line":66,"column":0},"end":{"line":66,"column":55}},"66":{"start":{"line":67,"column":0},"end":{"line":67,"column":55}},"67":{"start":{"line":68,"column":0},"end":{"line":68,"column":31}},"68":{"start":{"line":69,"column":0},"end":{"line":69,"column":3}},"70":{"start":{"line":71,"column":0},"end":{"line":71,"column":23}},"71":{"start":{"line":72,"column":0},"end":{"line":72,"column":1}},"77":{"start":{"line":78,"column":0},"end":{"line":78,"column":65}},"78":{"start":{"line":79,"column":0},"end":{"line":79,"column":39}},"79":{"start":{"line":80,"column":0},"end":{"line":80,"column":36}},"83":{"start":{"line":84,"column":0},"end":{"line":84,"column":85}},"84":{"start":{"line":85,"column":0},"end":{"line":85,"column":42}},"86":{"start":{"line":87,"column":0},"end":{"line":87,"column":12}},"87":{"start":{"line":88,"column":0},"end":{"line":88,"column":28}},"88":{"start":{"line":89,"column":0},"end":{"line":89,"column":26}},"91":{"start":{"line":92,"column":0},"end":{"line":92,"column":57}},"92":{"start":{"line":93,"column":0},"end":{"line":93,"column":23}},"93":{"start":{"line":94,"column":0},"end":{"line":94,"column":43}},"94":{"start":{"line":95,"column":0},"end":{"line":95,"column":49}},"97":{"start":{"line":98,"column":0},"end":{"line":98,"column":40}},"98":{"start":{"line":99,"column":0},"end":{"line":99,"column":44}},"99":{"start":{"line":100,"column":0},"end":{"line":100,"column":31}},"100":{"start":{"line":101,"column":0},"end":{"line":101,"column":7}},"102":{"start":{"line":103,"column":0},"end":{"line":103,"column":43}},"103":{"start":{"line":104,"column":0},"end":{"line":104,"column":10}},"104":{"start":{"line":105,"column":0},"end":{"line":105,"column":15}},"105":{"start":{"line":106,"column":0},"end":{"line":106,"column":5}},"108":{"start":{"line":109,"column":0},"end":{"line":109,"column":38}},"109":{"start":{"line":110,"column":0},"end":{"line":110,"column":52}},"110":{"start":{"line":111,"column":0},"end":{"line":111,"column":24}},"111":{"start":{"line":112,"column":0},"end":{"line":112,"column":56}},"114":{"start":{"line":115,"column":0},"end":{"line":115,"column":48}},"116":{"start":{"line":117,"column":0},"end":{"line":117,"column":53}},"117":{"start":{"line":118,"column":0},"end":{"line":118,"column":22}},"118":{"start":{"line":119,"column":0},"end":{"line":119,"column":26}},"119":{"start":{"line":120,"column":0},"end":{"line":120,"column":51}},"120":{"start":{"line":121,"column":0},"end":{"line":121,"column":22}},"121":{"start":{"line":122,"column":0},"end":{"line":122,"column":19}},"122":{"start":{"line":123,"column":0},"end":{"line":123,"column":20}},"123":{"start":{"line":124,"column":0},"end":{"line":124,"column":15}},"124":{"start":{"line":125,"column":0},"end":{"line":125,"column":11}},"125":{"start":{"line":126,"column":0},"end":{"line":126,"column":9}},"127":{"start":{"line":128,"column":0},"end":{"line":128,"column":21}},"128":{"start":{"line":129,"column":0},"end":{"line":129,"column":17}},"129":{"start":{"line":130,"column":0},"end":{"line":130,"column":7}},"130":{"start":{"line":131,"column":0},"end":{"line":131,"column":5}},"132":{"start":{"line":133,"column":0},"end":{"line":133,"column":8}},"133":{"start":{"line":134,"column":0},"end":{"line":134,"column":3}},"135":{"start":{"line":136,"column":0},"end":{"line":136,"column":17}},"136":{"start":{"line":137,"column":0},"end":{"line":137,"column":1}},"142":{"start":{"line":143,"column":0},"end":{"line":143,"column":78}},"143":{"start":{"line":144,"column":0},"end":{"line":144,"column":41}},"144":{"start":{"line":145,"column":0},"end":{"line":145,"column":39}},"145":{"start":{"line":146,"column":0},"end":{"line":146,"column":41}},"147":{"start":{"line":148,"column":0},"end":{"line":148,"column":44}},"148":{"start":{"line":149,"column":0},"end":{"line":149,"column":37}},"150":{"start":{"line":151,"column":0},"end":{"line":151,"column":83}},"151":{"start":{"line":152,"column":0},"end":{"line":152,"column":23}},"152":{"start":{"line":153,"column":0},"end":{"line":153,"column":86}},"153":{"start":{"line":154,"column":0},"end":{"line":154,"column":21}},"154":{"start":{"line":155,"column":0},"end":{"line":155,"column":90}},"155":{"start":{"line":156,"column":0},"end":{"line":156,"column":23}},"156":{"start":{"line":157,"column":0},"end":{"line":157,"column":5}},"157":{"start":{"line":158,"column":0},"end":{"line":158,"column":3}},"160":{"start":{"line":161,"column":0},"end":{"line":161,"column":30}},"161":{"start":{"line":162,"column":0},"end":{"line":162,"column":16}},"162":{"start":{"line":163,"column":0},"end":{"line":163,"column":3}},"164":{"start":{"line":165,"column":0},"end":{"line":165,"column":52}},"165":{"start":{"line":166,"column":0},"end":{"line":166,"column":1}},"171":{"start":{"line":172,"column":0},"end":{"line":172,"column":35}},"172":{"start":{"line":173,"column":0},"end":{"line":173,"column":16}},"173":{"start":{"line":174,"column":0},"end":{"line":174,"column":23}},"174":{"start":{"line":175,"column":0},"end":{"line":175,"column":20}},"175":{"start":{"line":176,"column":0},"end":{"line":176,"column":17}},"176":{"start":{"line":177,"column":0},"end":{"line":177,"column":57}},"179":{"start":{"line":180,"column":0},"end":{"line":180,"column":17}},"180":{"start":{"line":181,"column":0},"end":{"line":181,"column":16}},"181":{"start":{"line":182,"column":0},"end":{"line":182,"column":3}},"183":{"start":{"line":184,"column":0},"end":{"line":184,"column":45}},"184":{"start":{"line":185,"column":0},"end":{"line":185,"column":44}},"185":{"start":{"line":186,"column":0},"end":{"line":186,"column":9}},"187":{"start":{"line":188,"column":0},"end":{"line":188,"column":41}},"188":{"start":{"line":189,"column":0},"end":{"line":189,"column":42}},"189":{"start":{"line":190,"column":0},"end":{"line":190,"column":9}},"191":{"start":{"line":192,"column":0},"end":{"line":192,"column":10}},"192":{"start":{"line":193,"column":0},"end":{"line":193,"column":45}},"193":{"start":{"line":194,"column":0},"end":{"line":194,"column":12}},"194":{"start":{"line":195,"column":0},"end":{"line":195,"column":15}},"195":{"start":{"line":196,"column":0},"end":{"line":196,"column":12}},"196":{"start":{"line":197,"column":0},"end":{"line":197,"column":10}},"197":{"start":{"line":198,"column":0},"end":{"line":198,"column":4}},"198":{"start":{"line":199,"column":0},"end":{"line":199,"column":1}},"204":{"start":{"line":205,"column":0},"end":{"line":205,"column":78}},"205":{"start":{"line":206,"column":0},"end":{"line":206,"column":29}},"206":{"start":{"line":207,"column":0},"end":{"line":207,"column":39}},"207":{"start":{"line":208,"column":0},"end":{"line":208,"column":18}},"208":{"start":{"line":209,"column":0},"end":{"line":209,"column":17}},"209":{"start":{"line":210,"column":0},"end":{"line":210,"column":1}},"214":{"start":{"line":215,"column":0},"end":{"line":215,"column":61}},"215":{"start":{"line":216,"column":0},"end":{"line":216,"column":57}},"216":{"start":{"line":217,"column":0},"end":{"line":217,"column":1}},"224":{"start":{"line":225,"column":0},"end":{"line":225,"column":72}},"225":{"start":{"line":226,"column":0},"end":{"line":226,"column":44}},"226":{"start":{"line":227,"column":0},"end":{"line":227,"column":40}},"227":{"start":{"line":228,"column":0},"end":{"line":228,"column":50}},"228":{"start":{"line":229,"column":0},"end":{"line":229,"column":18}},"229":{"start":{"line":230,"column":0},"end":{"line":230,"column":5}},"230":{"start":{"line":231,"column":0},"end":{"line":231,"column":3}},"231":{"start":{"line":232,"column":0},"end":{"line":232,"column":15}},"232":{"start":{"line":233,"column":0},"end":{"line":233,"column":1}},"238":{"start":{"line":239,"column":0},"end":{"line":239,"column":25}},"239":{"start":{"line":240,"column":0},"end":{"line":240,"column":18}},"240":{"start":{"line":241,"column":0},"end":{"line":241,"column":20}},"241":{"start":{"line":242,"column":0},"end":{"line":242,"column":69}},"243":{"start":{"line":244,"column":0},"end":{"line":244,"column":39}},"244":{"start":{"line":245,"column":0},"end":{"line":245,"column":58}},"245":{"start":{"line":246,"column":0},"end":{"line":246,"column":16}},"246":{"start":{"line":247,"column":0},"end":{"line":247,"column":3}},"248":{"start":{"line":249,"column":0},"end":{"line":249,"column":44}},"249":{"start":{"line":250,"column":0},"end":{"line":250,"column":29}},"250":{"start":{"line":251,"column":0},"end":{"line":251,"column":16}},"251":{"start":{"line":252,"column":0},"end":{"line":252,"column":3}},"254":{"start":{"line":255,"column":0},"end":{"line":255,"column":40}},"255":{"start":{"line":256,"column":0},"end":{"line":256,"column":39}},"256":{"start":{"line":257,"column":0},"end":{"line":257,"column":16}},"257":{"start":{"line":258,"column":0},"end":{"line":258,"column":3}},"259":{"start":{"line":260,"column":0},"end":{"line":260,"column":46}},"260":{"start":{"line":261,"column":0},"end":{"line":261,"column":41}},"261":{"start":{"line":262,"column":0},"end":{"line":262,"column":16}},"262":{"start":{"line":263,"column":0},"end":{"line":263,"column":3}},"265":{"start":{"line":266,"column":0},"end":{"line":266,"column":30}},"266":{"start":{"line":267,"column":0},"end":{"line":267,"column":29}},"267":{"start":{"line":268,"column":0},"end":{"line":268,"column":63}},"268":{"start":{"line":269,"column":0},"end":{"line":269,"column":40}},"269":{"start":{"line":270,"column":0},"end":{"line":270,"column":25}},"270":{"start":{"line":271,"column":0},"end":{"line":271,"column":21}},"271":{"start":{"line":272,"column":0},"end":{"line":272,"column":5}},"272":{"start":{"line":273,"column":0},"end":{"line":273,"column":8}},"273":{"start":{"line":274,"column":0},"end":{"line":274,"column":3}},"275":{"start":{"line":276,"column":0},"end":{"line":276,"column":40}},"276":{"start":{"line":277,"column":0},"end":{"line":277,"column":1}},"283":{"start":{"line":284,"column":0},"end":{"line":284,"column":48}},"284":{"start":{"line":285,"column":0},"end":{"line":285,"column":30}},"286":{"start":{"line":287,"column":0},"end":{"line":287,"column":69}},"287":{"start":{"line":288,"column":0},"end":{"line":288,"column":75}},"289":{"start":{"line":290,"column":0},"end":{"line":290,"column":61}},"290":{"start":{"line":291,"column":0},"end":{"line":291,"column":1}},"295":{"start":{"line":296,"column":0},"end":{"line":296,"column":50}},"296":{"start":{"line":297,"column":0},"end":{"line":297,"column":46}},"297":{"start":{"line":298,"column":0},"end":{"line":298,"column":17}},"298":{"start":{"line":299,"column":0},"end":{"line":299,"column":3}},"300":{"start":{"line":301,"column":0},"end":{"line":301,"column":36}},"301":{"start":{"line":302,"column":0},"end":{"line":302,"column":78}},"302":{"start":{"line":303,"column":0},"end":{"line":303,"column":1}}},"s":{"0":1,"6":1,"9":1,"12":1,"15":1,"24":1,"25":321,"26":321,"27":2,"28":2,"29":2,"31":319,"32":319,"34":321,"35":221,"36":658,"37":658,"38":457,"39":457,"40":658,"41":221,"43":319,"44":319,"50":1,"51":627,"52":627,"53":2,"54":2,"56":625,"58":625,"59":627,"60":2,"61":2,"63":623,"65":627,"66":627,"67":202,"68":202,"70":627,"71":627,"77":1,"78":326,"79":326,"83":326,"84":326,"86":326,"87":326,"88":2431,"91":2431,"92":2431,"93":369,"94":369,"97":369,"98":369,"99":1484,"100":1484,"102":369,"103":369,"104":369,"105":369,"108":2431,"109":331,"110":331,"111":331,"114":331,"116":327,"117":327,"118":227,"119":227,"120":227,"121":227,"122":227,"123":227,"124":227,"125":327,"127":331,"128":331,"129":331,"130":331,"132":1731,"133":1731,"135":326,"136":326,"142":1,"143":433,"144":433,"145":433,"147":433,"148":810,"150":810,"151":332,"152":810,"153":124,"154":478,"155":123,"156":123,"157":810,"160":433,"161":101,"162":101,"164":332,"165":332,"171":1,"172":863,"173":863,"174":863,"175":863,"176":863,"179":863,"180":303,"181":303,"183":560,"184":141,"185":419,"187":863,"188":140,"189":420,"191":863,"192":863,"193":863,"194":863,"195":863,"196":863,"197":863,"198":863,"204":1,"205":867,"206":867,"207":867,"208":867,"209":867,"214":1,"215":359,"216":359,"224":331,"225":331,"226":670,"227":670,"228":327,"229":327,"230":670,"231":4,"232":4,"238":331,"239":331,"240":331,"241":331,"243":331,"244":331,"245":0,"246":0,"248":331,"249":331,"250":0,"251":0,"254":331,"255":331,"256":0,"257":0,"259":331,"260":331,"261":0,"262":0,"265":331,"266":331,"267":331,"268":978,"269":978,"270":978,"271":978,"272":978,"273":978,"275":331,"276":331,"283":1640,"284":1640,"286":1640,"287":1640,"289":1640,"290":1640,"295":331,"296":331,"297":0,"298":0,"300":331,"301":331,"302":331},"branchMap":{"0":{"type":"branch","line":25,"loc":{"start":{"line":25,"column":7},"end":{"line":45,"column":1}},"locations":[{"start":{"line":25,"column":7},"end":{"line":45,"column":1}}]},"1":{"type":"branch","line":27,"loc":{"start":{"line":27,"column":14},"end":{"line":30,"column":3}},"locations":[{"start":{"line":27,"column":14},"end":{"line":30,"column":3}}]},"2":{"type":"branch","line":30,"loc":{"start":{"line":30,"column":2},"end":{"line":35,"column":30}},"locations":[{"start":{"line":30,"column":2},"end":{"line":35,"column":30}}]},"3":{"type":"branch","line":35,"loc":{"start":{"line":35,"column":30},"end":{"line":42,"column":3}},"locations":[{"start":{"line":35,"column":30},"end":{"line":42,"column":3}}]},"4":{"type":"branch","line":36,"loc":{"start":{"line":36,"column":34},"end":{"line":41,"column":5}},"locations":[{"start":{"line":36,"column":34},"end":{"line":41,"column":5}}]},"5":{"type":"branch","line":38,"loc":{"start":{"line":38,"column":17},"end":{"line":40,"column":7}},"locations":[{"start":{"line":38,"column":17},"end":{"line":40,"column":7}}]},"6":{"type":"branch","line":42,"loc":{"start":{"line":42,"column":2},"end":{"line":45,"column":1}},"locations":[{"start":{"line":42,"column":2},"end":{"line":45,"column":1}}]},"7":{"type":"branch","line":51,"loc":{"start":{"line":51,"column":7},"end":{"line":72,"column":1}},"locations":[{"start":{"line":51,"column":7},"end":{"line":72,"column":1}}]},"8":{"type":"branch","line":53,"loc":{"start":{"line":53,"column":25},"end":{"line":55,"column":3}},"locations":[{"start":{"line":53,"column":25},"end":{"line":55,"column":3}}]},"9":{"type":"branch","line":55,"loc":{"start":{"line":55,"column":2},"end":{"line":60,"column":19}},"locations":[{"start":{"line":55,"column":2},"end":{"line":60,"column":19}}]},"10":{"type":"branch","line":60,"loc":{"start":{"line":60,"column":19},"end":{"line":62,"column":3}},"locations":[{"start":{"line":60,"column":19},"end":{"line":62,"column":3}}]},"11":{"type":"branch","line":62,"loc":{"start":{"line":62,"column":2},"end":{"line":66,"column":32}},"locations":[{"start":{"line":62,"column":2},"end":{"line":66,"column":32}}]},"12":{"type":"branch","line":66,"loc":{"start":{"line":66,"column":27},"end":{"line":66,"column":55}},"locations":[{"start":{"line":66,"column":27},"end":{"line":66,"column":55}}]},"13":{"type":"branch","line":66,"loc":{"start":{"line":66,"column":50},"end":{"line":67,"column":54}},"locations":[{"start":{"line":66,"column":50},"end":{"line":67,"column":54}}]},"14":{"type":"branch","line":67,"loc":{"start":{"line":67,"column":27},"end":{"line":67,"column":54}},"locations":[{"start":{"line":67,"column":27},"end":{"line":67,"column":54}}]},"15":{"type":"branch","line":67,"loc":{"start":{"line":67,"column":54},"end":{"line":69,"column":3}},"locations":[{"start":{"line":67,"column":54},"end":{"line":69,"column":3}}]},"16":{"type":"branch","line":69,"loc":{"start":{"line":69,"column":2},"end":{"line":71,"column":18}},"locations":[{"start":{"line":69,"column":2},"end":{"line":71,"column":18}}]},"17":{"type":"branch","line":71,"loc":{"start":{"line":71,"column":9},"end":{"line":71,"column":23}},"locations":[{"start":{"line":71,"column":9},"end":{"line":71,"column":23}}]},"18":{"type":"branch","line":78,"loc":{"start":{"line":78,"column":7},"end":{"line":137,"column":1}},"locations":[{"start":{"line":78,"column":7},"end":{"line":137,"column":1}}]},"19":{"type":"branch","line":88,"loc":{"start":{"line":88,"column":27},"end":{"line":134,"column":3}},"locations":[{"start":{"line":88,"column":27},"end":{"line":134,"column":3}}]},"20":{"type":"branch","line":93,"loc":{"start":{"line":93,"column":22},"end":{"line":106,"column":5}},"locations":[{"start":{"line":93,"column":22},"end":{"line":106,"column":5}}]},"21":{"type":"branch","line":99,"loc":{"start":{"line":99,"column":43},"end":{"line":101,"column":7}},"locations":[{"start":{"line":99,"column":43},"end":{"line":101,"column":7}}]},"22":{"type":"branch","line":106,"loc":{"start":{"line":106,"column":4},"end":{"line":109,"column":37}},"locations":[{"start":{"line":106,"column":4},"end":{"line":109,"column":37}}]},"23":{"type":"branch","line":109,"loc":{"start":{"line":109,"column":37},"end":{"line":131,"column":5}},"locations":[{"start":{"line":109,"column":37},"end":{"line":131,"column":5}}]},"24":{"type":"branch","line":115,"loc":{"start":{"line":115,"column":47},"end":{"line":126,"column":9}},"locations":[{"start":{"line":115,"column":47},"end":{"line":126,"column":9}}]},"25":{"type":"branch","line":118,"loc":{"start":{"line":118,"column":21},"end":{"line":125,"column":11}},"locations":[{"start":{"line":118,"column":21},"end":{"line":125,"column":11}}]},"26":{"type":"branch","line":131,"loc":{"start":{"line":131,"column":4},"end":{"line":134,"column":3}},"locations":[{"start":{"line":131,"column":4},"end":{"line":134,"column":3}}]},"27":{"type":"branch","line":143,"loc":{"start":{"line":143,"column":7},"end":{"line":166,"column":1}},"locations":[{"start":{"line":143,"column":7},"end":{"line":166,"column":1}}]},"28":{"type":"branch","line":148,"loc":{"start":{"line":148,"column":43},"end":{"line":161,"column":29}},"locations":[{"start":{"line":148,"column":43},"end":{"line":161,"column":29}}]},"29":{"type":"branch","line":151,"loc":{"start":{"line":151,"column":25},"end":{"line":151,"column":82}},"locations":[{"start":{"line":151,"column":25},"end":{"line":151,"column":82}}]},"30":{"type":"branch","line":151,"loc":{"start":{"line":151,"column":82},"end":{"line":153,"column":15}},"locations":[{"start":{"line":151,"column":82},"end":{"line":153,"column":15}}]},"31":{"type":"branch","line":153,"loc":{"start":{"line":153,"column":4},"end":{"line":157,"column":5}},"locations":[{"start":{"line":153,"column":4},"end":{"line":157,"column":5}}]},"32":{"type":"branch","line":153,"loc":{"start":{"line":153,"column":85},"end":{"line":155,"column":15}},"locations":[{"start":{"line":153,"column":85},"end":{"line":155,"column":15}}]},"33":{"type":"branch","line":155,"loc":{"start":{"line":155,"column":4},"end":{"line":157,"column":5}},"locations":[{"start":{"line":155,"column":4},"end":{"line":157,"column":5}}]},"34":{"type":"branch","line":155,"loc":{"start":{"line":155,"column":89},"end":{"line":157,"column":5}},"locations":[{"start":{"line":155,"column":89},"end":{"line":157,"column":5}}]},"35":{"type":"branch","line":161,"loc":{"start":{"line":161,"column":29},"end":{"line":163,"column":3}},"locations":[{"start":{"line":161,"column":29},"end":{"line":163,"column":3}}]},"36":{"type":"branch","line":163,"loc":{"start":{"line":163,"column":2},"end":{"line":166,"column":1}},"locations":[{"start":{"line":163,"column":2},"end":{"line":166,"column":1}}]},"37":{"type":"branch","line":151,"loc":{"start":{"line":151,"column":54},"end":{"line":151,"column":79}},"locations":[{"start":{"line":151,"column":54},"end":{"line":151,"column":79}}]},"38":{"type":"branch","line":153,"loc":{"start":{"line":153,"column":57},"end":{"line":153,"column":82}},"locations":[{"start":{"line":153,"column":57},"end":{"line":153,"column":82}}]},"39":{"type":"branch","line":155,"loc":{"start":{"line":155,"column":61},"end":{"line":155,"column":86}},"locations":[{"start":{"line":155,"column":61},"end":{"line":155,"column":86}}]},"40":{"type":"branch","line":172,"loc":{"start":{"line":172,"column":7},"end":{"line":199,"column":1}},"locations":[{"start":{"line":172,"column":7},"end":{"line":199,"column":1}}]},"41":{"type":"branch","line":177,"loc":{"start":{"line":177,"column":41},"end":{"line":177,"column":50}},"locations":[{"start":{"line":177,"column":41},"end":{"line":177,"column":50}}]},"42":{"type":"branch","line":180,"loc":{"start":{"line":180,"column":16},"end":{"line":182,"column":3}},"locations":[{"start":{"line":180,"column":16},"end":{"line":182,"column":3}}]},"43":{"type":"branch","line":182,"loc":{"start":{"line":182,"column":2},"end":{"line":184,"column":45}},"locations":[{"start":{"line":182,"column":2},"end":{"line":184,"column":45}}]},"44":{"type":"branch","line":184,"loc":{"start":{"line":184,"column":41},"end":{"line":185,"column":44}},"locations":[{"start":{"line":184,"column":41},"end":{"line":185,"column":44}}]},"45":{"type":"branch","line":185,"loc":{"start":{"line":185,"column":29},"end":{"line":185,"column":38}},"locations":[{"start":{"line":185,"column":29},"end":{"line":185,"column":38}}]},"46":{"type":"branch","line":185,"loc":{"start":{"line":185,"column":43},"end":{"line":186,"column":9}},"locations":[{"start":{"line":185,"column":43},"end":{"line":186,"column":9}}]},"47":{"type":"branch","line":188,"loc":{"start":{"line":188,"column":37},"end":{"line":189,"column":42}},"locations":[{"start":{"line":188,"column":37},"end":{"line":189,"column":42}}]},"48":{"type":"branch","line":189,"loc":{"start":{"line":189,"column":27},"end":{"line":189,"column":36}},"locations":[{"start":{"line":189,"column":27},"end":{"line":189,"column":36}}]},"49":{"type":"branch","line":189,"loc":{"start":{"line":189,"column":41},"end":{"line":190,"column":9}},"locations":[{"start":{"line":189,"column":41},"end":{"line":190,"column":9}}]},"50":{"type":"branch","line":205,"loc":{"start":{"line":205,"column":7},"end":{"line":210,"column":1}},"locations":[{"start":{"line":205,"column":7},"end":{"line":210,"column":1}}]},"51":{"type":"branch","line":215,"loc":{"start":{"line":215,"column":7},"end":{"line":217,"column":1}},"locations":[{"start":{"line":215,"column":7},"end":{"line":217,"column":1}}]},"52":{"type":"branch","line":216,"loc":{"start":{"line":216,"column":31},"end":{"line":216,"column":55}},"locations":[{"start":{"line":216,"column":31},"end":{"line":216,"column":55}}]},"53":{"type":"branch","line":225,"loc":{"start":{"line":225,"column":0},"end":{"line":233,"column":1}},"locations":[{"start":{"line":225,"column":0},"end":{"line":233,"column":1}}]},"54":{"type":"branch","line":226,"loc":{"start":{"line":226,"column":43},"end":{"line":231,"column":3}},"locations":[{"start":{"line":226,"column":43},"end":{"line":231,"column":3}}]},"55":{"type":"branch","line":228,"loc":{"start":{"line":228,"column":8},"end":{"line":228,"column":49}},"locations":[{"start":{"line":228,"column":8},"end":{"line":228,"column":49}}]},"56":{"type":"branch","line":228,"loc":{"start":{"line":228,"column":49},"end":{"line":230,"column":5}},"locations":[{"start":{"line":228,"column":49},"end":{"line":230,"column":5}}]},"57":{"type":"branch","line":231,"loc":{"start":{"line":231,"column":2},"end":{"line":233,"column":1}},"locations":[{"start":{"line":231,"column":2},"end":{"line":233,"column":1}}]},"58":{"type":"branch","line":239,"loc":{"start":{"line":239,"column":0},"end":{"line":277,"column":1}},"locations":[{"start":{"line":239,"column":0},"end":{"line":277,"column":1}}]},"59":{"type":"branch","line":245,"loc":{"start":{"line":245,"column":57},"end":{"line":247,"column":3}},"locations":[{"start":{"line":245,"column":57},"end":{"line":247,"column":3}}]},"60":{"type":"branch","line":250,"loc":{"start":{"line":250,"column":28},"end":{"line":252,"column":3}},"locations":[{"start":{"line":250,"column":28},"end":{"line":252,"column":3}}]},"61":{"type":"branch","line":256,"loc":{"start":{"line":256,"column":38},"end":{"line":258,"column":3}},"locations":[{"start":{"line":256,"column":38},"end":{"line":258,"column":3}}]},"62":{"type":"branch","line":261,"loc":{"start":{"line":261,"column":40},"end":{"line":263,"column":3}},"locations":[{"start":{"line":261,"column":40},"end":{"line":263,"column":3}}]},"63":{"type":"branch","line":268,"loc":{"start":{"line":268,"column":19},"end":{"line":268,"column":62}},"locations":[{"start":{"line":268,"column":19},"end":{"line":268,"column":62}}]},"64":{"type":"branch","line":268,"loc":{"start":{"line":268,"column":62},"end":{"line":274,"column":3}},"locations":[{"start":{"line":268,"column":62},"end":{"line":274,"column":3}}]},"65":{"type":"branch","line":284,"loc":{"start":{"line":284,"column":0},"end":{"line":291,"column":1}},"locations":[{"start":{"line":284,"column":0},"end":{"line":291,"column":1}}]},"66":{"type":"branch","line":287,"loc":{"start":{"line":287,"column":57},"end":{"line":287,"column":69}},"locations":[{"start":{"line":287,"column":57},"end":{"line":287,"column":69}}]},"67":{"type":"branch","line":288,"loc":{"start":{"line":288,"column":65},"end":{"line":288,"column":75}},"locations":[{"start":{"line":288,"column":65},"end":{"line":288,"column":75}}]},"68":{"type":"branch","line":290,"loc":{"start":{"line":290,"column":40},"end":{"line":290,"column":59}},"locations":[{"start":{"line":290,"column":40},"end":{"line":290,"column":59}}]},"69":{"type":"branch","line":296,"loc":{"start":{"line":296,"column":0},"end":{"line":303,"column":1}},"locations":[{"start":{"line":296,"column":0},"end":{"line":303,"column":1}}]},"70":{"type":"branch","line":297,"loc":{"start":{"line":297,"column":45},"end":{"line":299,"column":3}},"locations":[{"start":{"line":297,"column":45},"end":{"line":299,"column":3}}]},"71":{"type":"branch","line":302,"loc":{"start":{"line":302,"column":41},"end":{"line":302,"column":76}},"locations":[{"start":{"line":302,"column":41},"end":{"line":302,"column":76}}]}},"b":{"0":[321],"1":[2],"2":[319],"3":[221],"4":[658],"5":[457],"6":[319],"7":[627],"8":[2],"9":[625],"10":[2],"11":[623],"12":[101],"13":[522],"14":[101],"15":[202],"16":[623],"17":[1],"18":[326],"19":[2431],"20":[369],"21":[1484],"22":[2062],"23":[331],"24":[327],"25":[227],"26":[1731],"27":[433],"28":[810],"29":[683],"30":[332],"31":[478],"32":[124],"33":[354],"34":[123],"35":[101],"36":[332],"37":[3728],"38":[2522],"39":[1813],"40":[863],"41":[0],"42":[303],"43":[560],"44":[141],"45":[0],"46":[419],"47":[140],"48":[0],"49":[420],"50":[867],"51":[359],"52":[1103],"53":[331],"54":[670],"55":[350],"56":[327],"57":[4],"58":[331],"59":[0],"60":[0],"61":[0],"62":[0],"63":[1009],"64":[978],"65":[1640],"66":[0],"67":[0],"68":[2484],"69":[331],"70":[0],"71":[505]},"fnMap":{"0":{"name":"parseMarkdownContent","decl":{"start":{"line":25,"column":7},"end":{"line":45,"column":1}},"loc":{"start":{"line":25,"column":7},"end":{"line":45,"column":1}},"line":25},"1":{"name":"extractFrontmatterTitle","decl":{"start":{"line":51,"column":7},"end":{"line":72,"column":1}},"loc":{"start":{"line":51,"column":7},"end":{"line":72,"column":1}},"line":51},"2":{"name":"findQuoteTables","decl":{"start":{"line":78,"column":7},"end":{"line":137,"column":1}},"loc":{"start":{"line":78,"column":7},"end":{"line":137,"column":1}},"line":78},"3":{"name":"identifyColumnRoles","decl":{"start":{"line":143,"column":7},"end":{"line":166,"column":1}},"loc":{"start":{"line":143,"column":7},"end":{"line":166,"column":1}},"line":143},"4":{"name":"mapTableRowToQuote","decl":{"start":{"line":172,"column":7},"end":{"line":199,"column":1}},"loc":{"start":{"line":172,"column":7},"end":{"line":199,"column":1}},"line":172},"5":{"name":"generateQuoteId","decl":{"start":{"line":205,"column":7},"end":{"line":210,"column":1}},"loc":{"start":{"line":205,"column":7},"end":{"line":210,"column":1}},"line":205},"6":{"name":"isSectionTitleMatch","decl":{"start":{"line":215,"column":7},"end":{"line":217,"column":1}},"loc":{"start":{"line":215,"column":7},"end":{"line":217,"column":1}},"line":215},"7":{"name":"isHeadingChainMatch","decl":{"start":{"line":225,"column":0},"end":{"line":233,"column":1}},"loc":{"start":{"line":225,"column":0},"end":{"line":233,"column":1}},"line":225},"8":{"name":"parseTableBlock","decl":{"start":{"line":239,"column":0},"end":{"line":277,"column":1}},"loc":{"start":{"line":239,"column":0},"end":{"line":277,"column":1}},"line":239},"9":{"name":"parseTableRow","decl":{"start":{"line":284,"column":0},"end":{"line":291,"column":1}},"loc":{"start":{"line":284,"column":0},"end":{"line":291,"column":1}},"line":284},"10":{"name":"isTableSeparator","decl":{"start":{"line":296,"column":0},"end":{"line":303,"column":1}},"loc":{"start":{"line":296,"column":0},"end":{"line":303,"column":1}},"line":296}},"f":{"0":321,"1":627,"2":326,"3":433,"4":863,"5":867,"6":359,"7":331,"8":331,"9":1640,"10":331}}
,"C:\\Users\\MWA4SE\\Documents\\opensource\\course\\tools\\daily-quote\\src\\types\\quote.ts": {"path":"C:\\Users\\MWA4SE\\Documents\\opensource\\course\\tools\\daily-quote\\src\\types\\quote.ts","all":true,"statementMap":{},"s":{},"branchMap":{"0":{"type":"branch","line":1,"loc":{"start":{"line":1,"column":902},"end":{"line":51,"column":1}},"locations":[{"start":{"line":1,"column":902},"end":{"line":51,"column":1}}]}},"b":{"0":[1]},"fnMap":{"0":{"name":"(empty-report)","decl":{"start":{"line":1,"column":902},"end":{"line":51,"column":1}},"loc":{"start":{"line":1,"column":902},"end":{"line":51,"column":1}},"line":1}},"f":{"0":1}}
}
